{"meta": {"format": 3, "version": "7.13.1", "timestamp": "2026-01-05T14:07:56.706909", "branch_coverage": false, "show_contexts": false}, "files": {"app/__init__.py": {"executed_lines": [], "summary": {"covered_lines": 0, "num_statements": 0, "percent_covered": 100.0, "percent_covered_display": "100", "missing_lines": 0, "excluded_lines": 0, "percent_statements_covered": 100.0, "percent_statements_covered_display": "100"}, "missing_lines": [], "excluded_lines": [], "functions": {"": {"executed_lines": [], "summary": {"covered_lines": 0, "num_statements": 0, "percent_covered": 100.0, "percent_covered_display": "100", "missing_lines": 0, "excluded_lines": 0, "percent_statements_covered": 100.0, "percent_statements_covered_display": "100"}, "missing_lines": [], "excluded_lines": [], "start_line": 1}}, "classes": {"": {"executed_lines": [], "summary": {"covered_lines": 0, "num_statements": 0, "percent_covered": 100.0, "percent_covered_display": "100", "missing_lines": 0, "excluded_lines": 0, "percent_statements_covered": 100.0, "percent_statements_covered_display": "100"}, "missing_lines": [], "excluded_lines": [], "start_line": 1}}}, "app/api/__init__.py": {"executed_lines": [], "summary": {"covered_lines": 0, "num_statements": 0, "percent_covered": 100.0, "percent_covered_display": "100", "missing_lines": 0, "excluded_lines": 0, "percent_statements_covered": 100.0, "percent_statements_covered_display": "100"}, "missing_lines": [], "excluded_lines": [], "functions": {"": {"executed_lines": [], "summary": {"covered_lines": 0, "num_statements": 0, "percent_covered": 100.0, "percent_covered_display": "100", "missing_lines": 0, "excluded_lines": 0, "percent_statements_covered": 100.0, "percent_statements_covered_display": "100"}, "missing_lines": [], "excluded_lines": [], "start_line": 1}}, "classes": {"": {"executed_lines": [], "summary": {"covered_lines": 0, "num_statements": 0, "percent_covered": 100.0, "percent_covered_display": "100", "missing_lines": 0, "excluded_lines": 0, "percent_statements_covered": 100.0, "percent_statements_covered_display": "100"}, "missing_lines": [], "excluded_lines": [], "start_line": 1}}}, "app/api/routes/__init__.py": {"executed_lines": [], "summary": {"covered_lines": 0, "num_statements": 0, "percent_covered": 100.0, "percent_covered_display": "100", "missing_lines": 0, "excluded_lines": 0, "percent_statements_covered": 100.0, "percent_statements_covered_display": "100"}, "missing_lines": [], "excluded_lines": [], "functions": {"": {"executed_lines": [], "summary": {"covered_lines": 0, "num_statements": 0, "percent_covered": 100.0, "percent_covered_display": "100", "missing_lines": 0, "excluded_lines": 0, "percent_statements_covered": 100.0, "percent_statements_covered_display": "100"}, "missing_lines": [], "excluded_lines": [], "start_line": 1}}, "classes": {"": {"executed_lines": [], "summary": {"covered_lines": 0, "num_statements": 0, "percent_covered": 100.0, "percent_covered_display": "100", "missing_lines": 0, "excluded_lines": 0, "percent_statements_covered": 100.0, "percent_statements_covered_display": "100"}, "missing_lines": [], "excluded_lines": [], "start_line": 1}}}, "app/api/routes/locations.py": {"executed_lines": [2, 3, 4, 5, 6, 7, 9, 10, 11, 15, 17, 19, 22, 23, 33, 35, 45, 47, 61, 62, 68, 70, 71, 76, 88, 89, 140, 141, 167, 168, 185, 186], "summary": {"covered_lines": 32, "num_statements": 79, "percent_covered": 40.50632911392405, "percent_covered_display": "41", "missing_lines": 47, "excluded_lines": 0, "percent_statements_covered": 40.50632911392405, "percent_statements_covered_display": "41"}, "missing_lines": [53, 54, 55, 101, 109, 110, 115, 129, 130, 132, 152, 159, 179, 192, 193, 196, 197, 199, 200, 203, 204, 206, 208, 215, 217, 219, 220, 222, 223, 225, 227, 230, 231, 232, 233, 236, 240, 242, 245, 246, 248, 249, 250, 251, 253, 254, 255], "excluded_lines": [], "functions": {"update_location": {"executed_lines": [33, 35, 45, 47], "summary": {"covered_lines": 4, "num_statements": 7, "percent_covered": 57.142857142857146, "percent_covered_display": "57", "missing_lines": 3, "excluded_lines": 0, "percent_statements_covered": 57.142857142857146, "percent_statements_covered_display": "57"}, "missing_lines": [53, 54, 55], "excluded_lines": [], "start_line": 23}, "get_current_location": {"executed_lines": [68, 70, 71, 76], "summary": {"covered_lines": 4, "num_statements": 4, "percent_covered": 100.0, "percent_covered_display": "100", "missing_lines": 0, "excluded_lines": 0, "percent_statements_covered": 100.0, "percent_statements_covered_display": "100"}, "missing_lines": [], "excluded_lines": [], "start_line": 62}, "get_route_history": {"executed_lines": [], "summary": {"covered_lines": 0, "num_statements": 7, "percent_covered": 0.0, "percent_covered_display": "0", "missing_lines": 7, "excluded_lines": 0, "percent_statements_covered": 0.0, "percent_statements_covered_display": "0"}, "missing_lines": [101, 109, 110, 115, 129, 130, 132], "excluded_lines": [], "start_line": 89}, "get_nearby_drivers": {"executed_lines": [], "summary": {"covered_lines": 0, "num_statements": 2, "percent_covered": 0.0, "percent_covered_display": "0", "missing_lines": 2, "excluded_lines": 0, "percent_statements_covered": 0.0, "percent_statements_covered_display": "0"}, "missing_lines": [152, 159], "excluded_lines": [], "start_line": 141}, "get_driver_location_by_order": {"executed_lines": [], "summary": {"covered_lines": 0, "num_statements": 1, "percent_covered": 0.0, "percent_covered_display": "0", "missing_lines": 1, "excluded_lines": 0, "percent_statements_covered": 0.0, "percent_statements_covered_display": "0"}, "missing_lines": [179], "excluded_lines": [], "start_line": 168}, "websocket_driver_location": {"executed_lines": [], "summary": {"covered_lines": 0, "num_statements": 34, "percent_covered": 0.0, "percent_covered_display": "0", "missing_lines": 34, "excluded_lines": 0, "percent_statements_covered": 0.0, "percent_statements_covered_display": "0"}, "missing_lines": [192, 193, 196, 197, 199, 200, 203, 204, 206, 208, 215, 217, 219, 220, 222, 223, 225, 227, 230, 231, 232, 233, 236, 240, 242, 245, 246, 248, 249, 250, 251, 253, 254, 255], "excluded_lines": [], "start_line": 186}, "": {"executed_lines": [2, 3, 4, 5, 6, 7, 9, 10, 11, 15, 17, 19, 22, 23, 61, 62, 88, 89, 140, 141, 167, 168, 185, 186], "summary": {"covered_lines": 24, "num_statements": 24, "percent_covered": 100.0, "percent_covered_display": "100", "missing_lines": 0, "excluded_lines": 0, "percent_statements_covered": 100.0, "percent_statements_covered_display": "100"}, "missing_lines": [], "excluded_lines": [], "start_line": 1}}, "classes": {"": {"executed_lines": [2, 3, 4, 5, 6, 7, 9, 10, 11, 15, 17, 19, 22, 23, 33, 35, 45, 47, 61, 62, 68, 70, 71, 76, 88, 89, 140, 141, 167, 168, 185, 186], "summary": {"covered_lines": 32, "num_statements": 79, "percent_covered": 40.50632911392405, "percent_covered_display": "41", "missing_lines": 47, "excluded_lines": 0, "percent_statements_covered": 40.50632911392405, "percent_statements_covered_display": "41"}, "missing_lines": [53, 54, 55, 101, 109, 110, 115, 129, 130, 132, 152, 159, 179, 192, 193, 196, 197, 199, 200, 203, 204, 206, 208, 215, 217, 219, 220, 222, 223, 225, 227, 230, 231, 232, 233, 236, 240, 242, 245, 246, 248, 249, 250, 251, 253, 254, 255], "excluded_lines": [], "start_line": 1}}}, "app/core/__init__.py": {"executed_lines": [], "summary": {"covered_lines": 0, "num_statements": 0, "percent_covered": 100.0, "percent_covered_display": "100", "missing_lines": 0, "excluded_lines": 0, "percent_statements_covered": 100.0, "percent_statements_covered_display": "100"}, "missing_lines": [], "excluded_lines": [], "functions": {"": {"executed_lines": [], "summary": {"covered_lines": 0, "num_statements": 0, "percent_covered": 100.0, "percent_covered_display": "100", "missing_lines": 0, "excluded_lines": 0, "percent_statements_covered": 100.0, "percent_statements_covered_display": "100"}, "missing_lines": [], "excluded_lines": [], "start_line": 1}}, "classes": {"": {"executed_lines": [], "summary": {"covered_lines": 0, "num_statements": 0, "percent_covered": 100.0, "percent_covered_display": "100", "missing_lines": 0, "excluded_lines": 0, "percent_statements_covered": 100.0, "percent_statements_covered_display": "100"}, "missing_lines": [], "excluded_lines": [], "start_line": 1}}}, "app/core/config.py": {"executed_lines": [2, 3, 6, 10, 11, 12, 15, 18, 19, 20, 21, 24, 25, 26, 27, 28, 31, 32, 33, 34, 37, 38, 41, 44, 45, 46, 49, 51, 52, 53, 56], "summary": {"covered_lines": 31, "num_statements": 31, "percent_covered": 100.0, "percent_covered_display": "100", "missing_lines": 0, "excluded_lines": 0, "percent_statements_covered": 100.0, "percent_statements_covered_display": "100"}, "missing_lines": [], "excluded_lines": [], "functions": {"": {"executed_lines": [2, 3, 6, 10, 11, 12, 15, 18, 19, 20, 21, 24, 25, 26, 27, 28, 31, 32, 33, 34, 37, 38, 41, 44, 45, 46, 49, 51, 52, 53, 56], "summary": {"covered_lines": 31, "num_statements": 31, "percent_covered": 100.0, "percent_covered_display": "100", "missing_lines": 0, "excluded_lines": 0, "percent_statements_covered": 100.0, "percent_statements_covered_display": "100"}, "missing_lines": [], "excluded_lines": [], "start_line": 1}}, "classes": {"Settings": {"executed_lines": [], "summary": {"covered_lines": 0, "num_statements": 0, "percent_covered": 100.0, "percent_covered_display": "100", "missing_lines": 0, "excluded_lines": 0, "percent_statements_covered": 100.0, "percent_statements_covered_display": "100"}, "missing_lines": [], "excluded_lines": [], "start_line": 6}, "Settings.Config": {"executed_lines": [], "summary": {"covered_lines": 0, "num_statements": 0, "percent_covered": 100.0, "percent_covered_display": "100", "missing_lines": 0, "excluded_lines": 0, "percent_statements_covered": 100.0, "percent_statements_covered_display": "100"}, "missing_lines": [], "excluded_lines": [], "start_line": 51}, "": {"executed_lines": [2, 3, 6, 10, 11, 12, 15, 18, 19, 20, 21, 24, 25, 26, 27, 28, 31, 32, 33, 34, 37, 38, 41, 44, 45, 46, 49, 51, 52, 53, 56], "summary": {"covered_lines": 31, "num_statements": 31, "percent_covered": 100.0, "percent_covered_display": "100", "missing_lines": 0, "excluded_lines": 0, "percent_statements_covered": 100.0, "percent_statements_covered_display": "100"}, "missing_lines": [], "excluded_lines": [], "start_line": 1}}}, "app/core/database.py": {"executed_lines": [2, 3, 4, 5, 7, 10, 19, 28, 31, 40], "summary": {"covered_lines": 10, "num_statements": 26, "percent_covered": 38.46153846153846, "percent_covered_display": "38", "missing_lines": 16, "excluded_lines": 0, "percent_statements_covered": 38.46153846153846, "percent_statements_covered_display": "38"}, "missing_lines": [33, 34, 35, 37, 42, 44, 46, 49, 50, 51, 52, 56, 57, 63, 64, 66], "excluded_lines": [], "functions": {"get_db": {"executed_lines": [], "summary": {"covered_lines": 0, "num_statements": 4, "percent_covered": 0.0, "percent_covered_display": "0", "missing_lines": 4, "excluded_lines": 0, "percent_statements_covered": 0.0, "percent_statements_covered_display": "0"}, "missing_lines": [33, 34, 35, 37], "excluded_lines": [], "start_line": 31}, "init_db": {"executed_lines": [], "summary": {"covered_lines": 0, "num_statements": 12, "percent_covered": 0.0, "percent_covered_display": "0", "missing_lines": 12, "excluded_lines": 0, "percent_statements_covered": 0.0, "percent_statements_covered_display": "0"}, "missing_lines": [42, 44, 46, 49, 50, 51, 52, 56, 57, 63, 64, 66], "excluded_lines": [], "start_line": 40}, "": {"executed_lines": [2, 3, 4, 5, 7, 10, 19, 28, 31, 40], "summary": {"covered_lines": 10, "num_statements": 10, "percent_covered": 100.0, "percent_covered_display": "100", "missing_lines": 0, "excluded_lines": 0, "percent_statements_covered": 100.0, "percent_statements_covered_display": "100"}, "missing_lines": [], "excluded_lines": [], "start_line": 1}}, "classes": {"": {"executed_lines": [2, 3, 4, 5, 7, 10, 19, 28, 31, 40], "summary": {"covered_lines": 10, "num_statements": 26, "percent_covered": 38.46153846153846, "percent_covered_display": "38", "missing_lines": 16, "excluded_lines": 0, "percent_statements_covered": 38.46153846153846, "percent_statements_covered_display": "38"}, "missing_lines": [33, 34, 35, 37, 42, 44, 46, 49, 50, 51, 52, 56, 57, 63, 64, 66], "excluded_lines": [], "start_line": 1}}}, "app/core/redis_streams.py": {"executed_lines": [2, 3, 4, 5, 6, 7, 9, 12, 15, 17, 18, 20, 22, 25, 35, 40, 42, 44, 46, 63, 99, 159, 184, 211, 281, 325, 339, 346], "summary": {"covered_lines": 28, "num_statements": 134, "percent_covered": 20.895522388059703, "percent_covered_display": "21", "missing_lines": 106, "excluded_lines": 0, "percent_statements_covered": 20.895522388059703, "percent_statements_covered_display": "21"}, "missing_lines": [36, 37, 38, 43, 48, 49, 50, 56, 57, 58, 59, 61, 82, 84, 91, 96, 97, 113, 114, 116, 119, 127, 128, 131, 132, 134, 136, 137, 139, 140, 141, 143, 144, 145, 147, 149, 150, 152, 153, 154, 155, 156, 157, 170, 172, 173, 178, 179, 180, 181, 182, 194, 195, 197, 199, 200, 205, 206, 207, 208, 209, 225, 226, 228, 230, 238, 239, 242, 247, 248, 251, 260, 261, 262, 263, 264, 265, 266, 268, 269, 270, 272, 274, 275, 277, 278, 279, 298, 300, 302, 310, 316, 318, 319, 321, 322, 323, 327, 329, 330, 334, 335, 336, 337, 341, 342], "excluded_lines": [], "functions": {"ReliableStreamProcessor.__init__": {"executed_lines": [17, 18], "summary": {"covered_lines": 2, "num_statements": 2, "percent_covered": 100.0, "percent_covered_display": "100", "missing_lines": 0, "excluded_lines": 0, "percent_statements_covered": 100.0, "percent_statements_covered_display": "100"}, "missing_lines": [], "excluded_lines": [], "start_line": 15}, "ReliableStreamProcessor._connect": {"executed_lines": [22, 25, 35], "summary": {"covered_lines": 3, "num_statements": 6, "percent_covered": 50.0, "percent_covered_display": "50", "missing_lines": 3, "excluded_lines": 0, "percent_statements_covered": 50.0, "percent_statements_covered_display": "50"}, "missing_lines": [36, 37, 38], "excluded_lines": [], "start_line": 20}, "ReliableStreamProcessor.get_client": {"executed_lines": [42, 44], "summary": {"covered_lines": 2, "num_statements": 3, "percent_covered": 66.66666666666667, "percent_covered_display": "67", "missing_lines": 1, "excluded_lines": 0, "percent_statements_covered": 66.66666666666667, "percent_statements_covered_display": "67"}, "missing_lines": [43], "excluded_lines": [], "start_line": 40}, "ReliableStreamProcessor.ensure_consumer_group": {"executed_lines": [], "summary": {"covered_lines": 0, "num_statements": 8, "percent_covered": 0.0, "percent_covered_display": "0", "missing_lines": 8, "excluded_lines": 0, "percent_statements_covered": 0.0, "percent_statements_covered_display": "0"}, "missing_lines": [48, 49, 50, 56, 57, 58, 59, 61], "excluded_lines": [], "start_line": 46}, "ReliableStreamProcessor.add_location_message": {"executed_lines": [], "summary": {"covered_lines": 0, "num_statements": 5, "percent_covered": 0.0, "percent_covered_display": "0", "missing_lines": 5, "excluded_lines": 0, "percent_statements_covered": 0.0, "percent_statements_covered_display": "0"}, "missing_lines": [82, 84, 91, 96, 97], "excluded_lines": [], "start_line": 63}, "ReliableStreamProcessor.read_messages": {"executed_lines": [], "summary": {"covered_lines": 0, "num_statements": 26, "percent_covered": 0.0, "percent_covered_display": "0", "missing_lines": 26, "excluded_lines": 0, "percent_statements_covered": 0.0, "percent_statements_covered_display": "0"}, "missing_lines": [113, 114, 116, 119, 127, 128, 131, 132, 134, 136, 137, 139, 140, 141, 143, 144, 145, 147, 149, 150, 152, 153, 154, 155, 156, 157], "excluded_lines": [], "start_line": 99}, "ReliableStreamProcessor.acknowledge_message": {"executed_lines": [], "summary": {"covered_lines": 0, "num_statements": 8, "percent_covered": 0.0, "percent_covered_display": "0", "missing_lines": 8, "excluded_lines": 0, "percent_statements_covered": 0.0, "percent_statements_covered_display": "0"}, "missing_lines": [170, 172, 173, 178, 179, 180, 181, 182], "excluded_lines": [], "start_line": 159}, "ReliableStreamProcessor.acknowledge_messages": {"executed_lines": [], "summary": {"covered_lines": 0, "num_statements": 10, "percent_covered": 0.0, "percent_covered_display": "0", "missing_lines": 10, "excluded_lines": 0, "percent_statements_covered": 0.0, "percent_statements_covered_display": "0"}, "missing_lines": [194, 195, 197, 199, 200, 205, 206, 207, 208, 209], "excluded_lines": [], "start_line": 184}, "ReliableStreamProcessor.claim_pending_messages": {"executed_lines": [], "summary": {"covered_lines": 0, "num_statements": 26, "percent_covered": 0.0, "percent_covered_display": "0", "missing_lines": 26, "excluded_lines": 0, "percent_statements_covered": 0.0, "percent_statements_covered_display": "0"}, "missing_lines": [225, 226, 228, 230, 238, 239, 242, 247, 248, 251, 260, 261, 262, 263, 264, 265, 266, 268, 269, 270, 272, 274, 275, 277, 278, 279], "excluded_lines": [], "start_line": 211}, "ReliableStreamProcessor.move_to_dead_letter_queue": {"executed_lines": [], "summary": {"covered_lines": 0, "num_statements": 10, "percent_covered": 0.0, "percent_covered_display": "0", "missing_lines": 10, "excluded_lines": 0, "percent_statements_covered": 0.0, "percent_statements_covered_display": "0"}, "missing_lines": [298, 300, 302, 310, 316, 318, 319, 321, 322, 323], "excluded_lines": [], "start_line": 281}, "ReliableStreamProcessor.get_pending_count": {"executed_lines": [], "summary": {"covered_lines": 0, "num_statements": 7, "percent_covered": 0.0, "percent_covered_display": "0", "missing_lines": 7, "excluded_lines": 0, "percent_statements_covered": 0.0, "percent_statements_covered_display": "0"}, "missing_lines": [327, 329, 330, 334, 335, 336, 337], "excluded_lines": [], "start_line": 325}, "ReliableStreamProcessor.close": {"executed_lines": [], "summary": {"covered_lines": 0, "num_statements": 2, "percent_covered": 0.0, "percent_covered_display": "0", "missing_lines": 2, "excluded_lines": 0, "percent_statements_covered": 0.0, "percent_statements_covered_display": "0"}, "missing_lines": [341, 342], "excluded_lines": [], "start_line": 339}, "": {"executed_lines": [2, 3, 4, 5, 6, 7, 9, 12, 15, 20, 40, 46, 63, 99, 159, 184, 211, 281, 325, 339, 346], "summary": {"covered_lines": 21, "num_statements": 21, "percent_covered": 100.0, "percent_covered_display": "100", "missing_lines": 0, "excluded_lines": 0, "percent_statements_covered": 100.0, "percent_statements_covered_display": "100"}, "missing_lines": [], "excluded_lines": [], "start_line": 1}}, "classes": {"ReliableStreamProcessor": {"executed_lines": [17, 18, 22, 25, 35, 42, 44], "summary": {"covered_lines": 7, "num_statements": 113, "percent_covered": 6.1946902654867255, "percent_covered_display": "6", "missing_lines": 106, "excluded_lines": 0, "percent_statements_covered": 6.1946902654867255, "percent_statements_covered_display": "6"}, "missing_lines": [36, 37, 38, 43, 48, 49, 50, 56, 57, 58, 59, 61, 82, 84, 91, 96, 97, 113, 114, 116, 119, 127, 128, 131, 132, 134, 136, 137, 139, 140, 141, 143, 144, 145, 147, 149, 150, 152, 153, 154, 155, 156, 157, 170, 172, 173, 178, 179, 180, 181, 182, 194, 195, 197, 199, 200, 205, 206, 207, 208, 209, 225, 226, 228, 230, 238, 239, 242, 247, 248, 251, 260, 261, 262, 263, 264, 265, 266, 268, 269, 270, 272, 274, 275, 277, 278, 279, 298, 300, 302, 310, 316, 318, 319, 321, 322, 323, 327, 329, 330, 334, 335, 336, 337, 341, 342], "excluded_lines": [], "start_line": 12}, "": {"executed_lines": [2, 3, 4, 5, 6, 7, 9, 12, 15, 20, 40, 46, 63, 99, 159, 184, 211, 281, 325, 339, 346], "summary": {"covered_lines": 21, "num_statements": 21, "percent_covered": 100.0, "percent_covered_display": "100", "missing_lines": 0, "excluded_lines": 0, "percent_statements_covered": 100.0, "percent_statements_covered_display": "100"}, "missing_lines": [], "excluded_lines": [], "start_line": 1}}}, "app/main.py": {"executed_lines": [2, 3, 4, 6, 7, 8, 9, 12, 17, 20, 27, 36, 39, 40, 57, 58, 81, 82], "summary": {"covered_lines": 18, "num_statements": 41, "percent_covered": 43.90243902439025, "percent_covered_display": "44", "missing_lines": 23, "excluded_lines": 0, "percent_statements_covered": 43.90243902439025, "percent_statements_covered_display": "44"}, "missing_lines": [42, 43, 44, 45, 46, 47, 50, 51, 52, 53, 54, 60, 62, 63, 65, 66, 67, 68, 69, 70, 71, 73, 84], "excluded_lines": [], "functions": {"startup_event": {"executed_lines": [], "summary": {"covered_lines": 0, "num_statements": 11, "percent_covered": 0.0, "percent_covered_display": "0", "missing_lines": 11, "excluded_lines": 0, "percent_statements_covered": 0.0, "percent_statements_covered_display": "0"}, "missing_lines": [42, 43, 44, 45, 46, 47, 50, 51, 52, 53, 54], "excluded_lines": [], "start_line": 40}, "health_check": {"executed_lines": [], "summary": {"covered_lines": 0, "num_statements": 11, "percent_covered": 0.0, "percent_covered_display": "0", "missing_lines": 11, "excluded_lines": 0, "percent_statements_covered": 0.0, "percent_statements_covered_display": "0"}, "missing_lines": [60, 62, 63, 65, 66, 67, 68, 69, 70, 71, 73], "excluded_lines": [], "start_line": 58}, "root": {"executed_lines": [], "summary": {"covered_lines": 0, "num_statements": 1, "percent_covered": 0.0, "percent_covered_display": "0", "missing_lines": 1, "excluded_lines": 0, "percent_statements_covered": 0.0, "percent_statements_covered_display": "0"}, "missing_lines": [84], "excluded_lines": [], "start_line": 82}, "": {"executed_lines": [2, 3, 4, 6, 7, 8, 9, 12, 17, 20, 27, 36, 39, 40, 57, 58, 81, 82], "summary": {"covered_lines": 18, "num_statements": 18, "percent_covered": 100.0, "percent_covered_display": "100", "missing_lines": 0, "excluded_lines": 0, "percent_statements_covered": 100.0, "percent_statements_covered_display": "100"}, "missing_lines": [], "excluded_lines": [], "start_line": 1}}, "classes": {"": {"executed_lines": [2, 3, 4, 6, 7, 8, 9, 12, 17, 20, 27, 36, 39, 40, 57, 58, 81, 82], "summary": {"covered_lines": 18, "num_statements": 41, "percent_covered": 43.90243902439025, "percent_covered_display": "44", "missing_lines": 23, "excluded_lines": 0, "percent_statements_covered": 43.90243902439025, "percent_statements_covered_display": "44"}, "missing_lines": [42, 43, 44, 45, 46, 47, 50, 51, 52, 53, 54, 60, 62, 63, 65, 66, 67, 68, 69, 70, 71, 73, 84], "excluded_lines": [], "start_line": 1}}}, "app/models/__init__.py": {"executed_lines": [], "summary": {"covered_lines": 0, "num_statements": 0, "percent_covered": 100.0, "percent_covered_display": "100", "missing_lines": 0, "excluded_lines": 0, "percent_statements_covered": 100.0, "percent_statements_covered_display": "100"}, "missing_lines": [], "excluded_lines": [], "functions": {"": {"executed_lines": [], "summary": {"covered_lines": 0, "num_statements": 0, "percent_covered": 100.0, "percent_covered_display": "100", "missing_lines": 0, "excluded_lines": 0, "percent_statements_covered": 100.0, "percent_statements_covered_display": "100"}, "missing_lines": [], "excluded_lines": [], "start_line": 1}}, "classes": {"": {"executed_lines": [], "summary": {"covered_lines": 0, "num_statements": 0, "percent_covered": 100.0, "percent_covered_display": "100", "missing_lines": 0, "excluded_lines": 0, "percent_statements_covered": 100.0, "percent_statements_covered_display": "100"}, "missing_lines": [], "excluded_lines": [], "start_line": 1}}}, "app/models/location.py": {"executed_lines": [2, 3, 4, 5, 8, 10, 12, 13, 14, 15, 16, 17, 18, 19, 22, 27], "summary": {"covered_lines": 16, "num_statements": 17, "percent_covered": 94.11764705882354, "percent_covered_display": "94", "missing_lines": 1, "excluded_lines": 0, "percent_statements_covered": 94.11764705882354, "percent_statements_covered_display": "94"}, "missing_lines": [28], "excluded_lines": [], "functions": {"DriverLocation.__repr__": {"executed_lines": [], "summary": {"covered_lines": 0, "num_statements": 1, "percent_covered": 0.0, "percent_covered_display": "0", "missing_lines": 1, "excluded_lines": 0, "percent_statements_covered": 0.0, "percent_statements_covered_display": "0"}, "missing_lines": [28], "excluded_lines": [], "start_line": 27}, "": {"executed_lines": [2, 3, 4, 5, 8, 10, 12, 13, 14, 15, 16, 17, 18, 19, 22, 27], "summary": {"covered_lines": 16, "num_statements": 16, "percent_covered": 100.0, "percent_covered_display": "100", "missing_lines": 0, "excluded_lines": 0, "percent_statements_covered": 100.0, "percent_statements_covered_display": "100"}, "missing_lines": [], "excluded_lines": [], "start_line": 1}}, "classes": {"DriverLocation": {"executed_lines": [], "summary": {"covered_lines": 0, "num_statements": 1, "percent_covered": 0.0, "percent_covered_display": "0", "missing_lines": 1, "excluded_lines": 0, "percent_statements_covered": 0.0, "percent_statements_covered_display": "0"}, "missing_lines": [28], "excluded_lines": [], "start_line": 8}, "": {"executed_lines": [2, 3, 4, 5, 8, 10, 12, 13, 14, 15, 16, 17, 18, 19, 22, 27], "summary": {"covered_lines": 16, "num_statements": 16, "percent_covered": 100.0, "percent_covered_display": "100", "missing_lines": 0, "excluded_lines": 0, "percent_statements_covered": 100.0, "percent_statements_covered_display": "100"}, "missing_lines": [], "excluded_lines": [], "start_line": 1}}}, "app/schemas/__init__.py": {"executed_lines": [], "summary": {"covered_lines": 0, "num_statements": 0, "percent_covered": 100.0, "percent_covered_display": "100", "missing_lines": 0, "excluded_lines": 0, "percent_statements_covered": 100.0, "percent_statements_covered_display": "100"}, "missing_lines": [], "excluded_lines": [], "functions": {"": {"executed_lines": [], "summary": {"covered_lines": 0, "num_statements": 0, "percent_covered": 100.0, "percent_covered_display": "100", "missing_lines": 0, "excluded_lines": 0, "percent_statements_covered": 100.0, "percent_statements_covered_display": "100"}, "missing_lines": [], "excluded_lines": [], "start_line": 1}}, "classes": {"": {"executed_lines": [], "summary": {"covered_lines": 0, "num_statements": 0, "percent_covered": 100.0, "percent_covered_display": "100", "missing_lines": 0, "excluded_lines": 0, "percent_statements_covered": 100.0, "percent_statements_covered_display": "100"}, "missing_lines": [], "excluded_lines": [], "start_line": 1}}}, "app/schemas/location.py": {"executed_lines": [2, 3, 4, 7, 9, 10, 11, 12, 13, 14, 16, 17, 29, 31, 32, 33, 34, 35, 36, 37, 38, 41, 43, 44, 45, 46, 49, 51, 52, 53, 54, 57, 59, 60, 63, 65, 66, 67, 68, 69, 70, 71], "summary": {"covered_lines": 42, "num_statements": 42, "percent_covered": 100.0, "percent_covered_display": "100", "missing_lines": 0, "excluded_lines": 0, "percent_statements_covered": 100.0, "percent_statements_covered_display": "100"}, "missing_lines": [], "excluded_lines": [], "functions": {"": {"executed_lines": [2, 3, 4, 7, 9, 10, 11, 12, 13, 14, 16, 17, 29, 31, 32, 33, 34, 35, 36, 37, 38, 41, 43, 44, 45, 46, 49, 51, 52, 53, 54, 57, 59, 60, 63, 65, 66, 67, 68, 69, 70, 71], "summary": {"covered_lines": 42, "num_statements": 42, "percent_covered": 100.0, "percent_covered_display": "100", "missing_lines": 0, "excluded_lines": 0, "percent_statements_covered": 100.0, "percent_statements_covered_display": "100"}, "missing_lines": [], "excluded_lines": [], "start_line": 1}}, "classes": {"LocationUpdateRequest": {"executed_lines": [], "summary": {"covered_lines": 0, "num_statements": 0, "percent_covered": 100.0, "percent_covered_display": "100", "missing_lines": 0, "excluded_lines": 0, "percent_statements_covered": 100.0, "percent_statements_covered_display": "100"}, "missing_lines": [], "excluded_lines": [], "start_line": 7}, "LocationUpdateRequest.Config": {"executed_lines": [], "summary": {"covered_lines": 0, "num_statements": 0, "percent_covered": 100.0, "percent_covered_display": "100", "missing_lines": 0, "excluded_lines": 0, "percent_statements_covered": 100.0, "percent_statements_covered_display": "100"}, "missing_lines": [], "excluded_lines": [], "start_line": 16}, "LocationResponse": {"executed_lines": [], "summary": {"covered_lines": 0, "num_statements": 0, "percent_covered": 100.0, "percent_covered_display": "100", "missing_lines": 0, "excluded_lines": 0, "percent_statements_covered": 100.0, "percent_statements_covered_display": "100"}, "missing_lines": [], "excluded_lines": [], "start_line": 29}, "LocationHistoryResponse": {"executed_lines": [], "summary": {"covered_lines": 0, "num_statements": 0, "percent_covered": 100.0, "percent_covered_display": "100", "missing_lines": 0, "excluded_lines": 0, "percent_statements_covered": 100.0, "percent_statements_covered_display": "100"}, "missing_lines": [], "excluded_lines": [], "start_line": 41}, "NearbyDriversResponse": {"executed_lines": [], "summary": {"covered_lines": 0, "num_statements": 0, "percent_covered": 100.0, "percent_covered_display": "100", "missing_lines": 0, "excluded_lines": 0, "percent_statements_covered": 100.0, "percent_statements_covered_display": "100"}, "missing_lines": [], "excluded_lines": [], "start_line": 49}, "WebSocketMessage": {"executed_lines": [], "summary": {"covered_lines": 0, "num_statements": 0, "percent_covered": 100.0, "percent_covered_display": "100", "missing_lines": 0, "excluded_lines": 0, "percent_statements_covered": 100.0, "percent_statements_covered_display": "100"}, "missing_lines": [], "excluded_lines": [], "start_line": 57}, "WebSocketLocationUpdate": {"executed_lines": [], "summary": {"covered_lines": 0, "num_statements": 0, "percent_covered": 100.0, "percent_covered_display": "100", "missing_lines": 0, "excluded_lines": 0, "percent_statements_covered": 100.0, "percent_statements_covered_display": "100"}, "missing_lines": [], "excluded_lines": [], "start_line": 63}, "": {"executed_lines": [2, 3, 4, 7, 9, 10, 11, 12, 13, 14, 16, 17, 29, 31, 32, 33, 34, 35, 36, 37, 38, 41, 43, 44, 45, 46, 49, 51, 52, 53, 54, 57, 59, 60, 63, 65, 66, 67, 68, 69, 70, 71], "summary": {"covered_lines": 42, "num_statements": 42, "percent_covered": 100.0, "percent_covered_display": "100", "missing_lines": 0, "excluded_lines": 0, "percent_statements_covered": 100.0, "percent_statements_covered_display": "100"}, "missing_lines": [], "excluded_lines": [], "start_line": 1}}}, "app/services/__init__.py": {"executed_lines": [], "summary": {"covered_lines": 0, "num_statements": 0, "percent_covered": 100.0, "percent_covered_display": "100", "missing_lines": 0, "excluded_lines": 0, "percent_statements_covered": 100.0, "percent_statements_covered_display": "100"}, "missing_lines": [], "excluded_lines": [], "functions": {"": {"executed_lines": [], "summary": {"covered_lines": 0, "num_statements": 0, "percent_covered": 100.0, "percent_covered_display": "100", "missing_lines": 0, "excluded_lines": 0, "percent_statements_covered": 100.0, "percent_statements_covered_display": "100"}, "missing_lines": [], "excluded_lines": [], "start_line": 1}}, "classes": {"": {"executed_lines": [], "summary": {"covered_lines": 0, "num_statements": 0, "percent_covered": 100.0, "percent_covered_display": "100", "missing_lines": 0, "excluded_lines": 0, "percent_statements_covered": 100.0, "percent_statements_covered_display": "100"}, "missing_lines": [], "excluded_lines": [], "start_line": 1}}}, "app/services/location_service.py": {"executed_lines": [2, 3, 4, 5, 6, 7, 8, 9, 11, 14, 17, 19, 21, 23, 24, 25, 26, 28, 53, 55, 57, 58, 65, 66, 67, 68, 69, 71, 75, 76, 83, 88, 89, 95, 105, 107, 108, 109, 111, 113, 114, 115, 116, 123, 124, 125, 127, 154, 165, 166, 167, 169, 170, 172, 193, 195, 198, 206, 207, 209, 211, 265, 318], "summary": {"covered_lines": 63, "num_statements": 99, "percent_covered": 63.63636363636363, "percent_covered_display": "64", "missing_lines": 36, "excluded_lines": 0, "percent_statements_covered": 63.63636363636363, "percent_statements_covered_display": "64"}, "missing_lines": [70, 72, 91, 92, 93, 117, 118, 119, 121, 194, 196, 234, 236, 238, 241, 251, 252, 254, 255, 256, 258, 259, 261, 262, 263, 284, 286, 288, 300, 301, 302, 303, 310, 312, 313, 314], "excluded_lines": [], "functions": {"LocationService.__init__": {"executed_lines": [19], "summary": {"covered_lines": 1, "num_statements": 1, "percent_covered": 100.0, "percent_covered_display": "100", "missing_lines": 0, "excluded_lines": 0, "percent_statements_covered": 100.0, "percent_statements_covered_display": "100"}, "missing_lines": [], "excluded_lines": [], "start_line": 17}, "LocationService.get_redis_client": {"executed_lines": [23, 24, 25, 26], "summary": {"covered_lines": 4, "num_statements": 4, "percent_covered": 100.0, "percent_covered_display": "100", "missing_lines": 0, "excluded_lines": 0, "percent_statements_covered": 100.0, "percent_statements_covered_display": "100"}, "missing_lines": [], "excluded_lines": [], "start_line": 21}, "LocationService.update_current_location": {"executed_lines": [53, 55, 57, 58, 65, 66, 67, 68, 69, 71, 75, 76, 83, 88, 89], "summary": {"covered_lines": 15, "num_statements": 20, "percent_covered": 75.0, "percent_covered_display": "75", "missing_lines": 5, "excluded_lines": 0, "percent_statements_covered": 75.0, "percent_statements_covered_display": "75"}, "missing_lines": [70, 72, 91, 92, 93], "excluded_lines": [], "start_line": 28}, "LocationService.get_current_location": {"executed_lines": [105, 107, 108, 109, 111, 113, 114, 115, 116, 123, 124, 125], "summary": {"covered_lines": 12, "num_statements": 16, "percent_covered": 75.0, "percent_covered_display": "75", "missing_lines": 4, "excluded_lines": 0, "percent_statements_covered": 75.0, "percent_statements_covered_display": "75"}, "missing_lines": [117, 118, 119, 121], "excluded_lines": [], "start_line": 95}, "LocationService.store_historical_location": {"executed_lines": [154, 165, 166, 167, 169, 170], "summary": {"covered_lines": 6, "num_statements": 6, "percent_covered": 100.0, "percent_covered_display": "100", "missing_lines": 0, "excluded_lines": 0, "percent_statements_covered": 100.0, "percent_statements_covered_display": "100"}, "missing_lines": [], "excluded_lines": [], "start_line": 127}, "LocationService.get_location_history": {"executed_lines": [193, 195, 198, 206, 207, 209], "summary": {"covered_lines": 6, "num_statements": 8, "percent_covered": 75.0, "percent_covered_display": "75", "missing_lines": 2, "excluded_lines": 0, "percent_statements_covered": 75.0, "percent_statements_covered_display": "75"}, "missing_lines": [194, 196], "excluded_lines": [], "start_line": 172}, "LocationService.publish_location_update": {"executed_lines": [], "summary": {"covered_lines": 0, "num_statements": 14, "percent_covered": 0.0, "percent_covered_display": "0", "missing_lines": 14, "excluded_lines": 0, "percent_statements_covered": 0.0, "percent_statements_covered_display": "0"}, "missing_lines": [234, 236, 238, 241, 251, 252, 254, 255, 256, 258, 259, 261, 262, 263], "excluded_lines": [], "start_line": 211}, "LocationService.get_nearby_drivers": {"executed_lines": [], "summary": {"covered_lines": 0, "num_statements": 11, "percent_covered": 0.0, "percent_covered_display": "0", "missing_lines": 11, "excluded_lines": 0, "percent_statements_covered": 0.0, "percent_statements_covered_display": "0"}, "missing_lines": [284, 286, 288, 300, 301, 302, 303, 310, 312, 313, 314], "excluded_lines": [], "start_line": 265}, "": {"executed_lines": [2, 3, 4, 5, 6, 7, 8, 9, 11, 14, 17, 21, 28, 95, 127, 172, 211, 265, 318], "summary": {"covered_lines": 19, "num_statements": 19, "percent_covered": 100.0, "percent_covered_display": "100", "missing_lines": 0, "excluded_lines": 0, "percent_statements_covered": 100.0, "percent_statements_covered_display": "100"}, "missing_lines": [], "excluded_lines": [], "start_line": 1}}, "classes": {"LocationService": {"executed_lines": [19, 23, 24, 25, 26, 53, 55, 57, 58, 65, 66, 67, 68, 69, 71, 75, 76, 83, 88, 89, 105, 107, 108, 109, 111, 113, 114, 115, 116, 123, 124, 125, 154, 165, 166, 167, 169, 170, 193, 195, 198, 206, 207, 209], "summary": {"covered_lines": 44, "num_statements": 80, "percent_covered": 55.0, "percent_covered_display": "55", "missing_lines": 36, "excluded_lines": 0, "percent_statements_covered": 55.0, "percent_statements_covered_display": "55"}, "missing_lines": [70, 72, 91, 92, 93, 117, 118, 119, 121, 194, 196, 234, 236, 238, 241, 251, 252, 254, 255, 256, 258, 259, 261, 262, 263, 284, 286, 288, 300, 301, 302, 303, 310, 312, 313, 314], "excluded_lines": [], "start_line": 14}, "": {"executed_lines": [2, 3, 4, 5, 6, 7, 8, 9, 11, 14, 17, 21, 28, 95, 127, 172, 211, 265, 318], "summary": {"covered_lines": 19, "num_statements": 19, "percent_covered": 100.0, "percent_covered_display": "100", "missing_lines": 0, "excluded_lines": 0, "percent_statements_covered": 100.0, "percent_statements_covered_display": "100"}, "missing_lines": [], "excluded_lines": [], "start_line": 1}}}, "app/workers/__init__.py": {"executed_lines": [], "summary": {"covered_lines": 0, "num_statements": 0, "percent_covered": 100.0, "percent_covered_display": "100", "missing_lines": 0, "excluded_lines": 0, "percent_statements_covered": 100.0, "percent_statements_covered_display": "100"}, "missing_lines": [], "excluded_lines": [], "functions": {"": {"executed_lines": [], "summary": {"covered_lines": 0, "num_statements": 0, "percent_covered": 100.0, "percent_covered_display": "100", "missing_lines": 0, "excluded_lines": 0, "percent_statements_covered": 100.0, "percent_statements_covered_display": "100"}, "missing_lines": [], "excluded_lines": [], "start_line": 1}}, "classes": {"": {"executed_lines": [], "summary": {"covered_lines": 0, "num_statements": 0, "percent_covered": 100.0, "percent_covered_display": "100", "missing_lines": 0, "excluded_lines": 0, "percent_statements_covered": 100.0, "percent_statements_covered_display": "100"}, "missing_lines": [], "excluded_lines": [], "start_line": 1}}}, "app/workers/location_processor.py": {"executed_lines": [], "summary": {"covered_lines": 0, "num_statements": 85, "percent_covered": 0.0, "percent_covered_display": "0", "missing_lines": 85, "excluded_lines": 0, "percent_statements_covered": 0.0, "percent_statements_covered_display": "0"}, "missing_lines": [2, 3, 4, 5, 7, 8, 9, 10, 12, 15, 31, 32, 33, 34, 35, 36, 37, 39, 41, 51, 52, 53, 56, 68, 77, 78, 80, 81, 82, 85, 99, 100, 102, 103, 105, 106, 108, 111, 112, 113, 115, 118, 120, 123, 126, 128, 129, 132, 134, 135, 138, 139, 141, 144, 145, 147, 149, 154, 157, 160, 161, 162, 163, 164, 165, 168, 169, 171, 172, 177, 180, 182, 183, 184, 185, 186, 187, 190, 192, 197, 198, 199, 200, 203, 204], "excluded_lines": [], "functions": {"process_location_message": {"executed_lines": [], "summary": {"covered_lines": 0, "num_statements": 19, "percent_covered": 0.0, "percent_covered_display": "0", "missing_lines": 19, "excluded_lines": 0, "percent_statements_covered": 0.0, "percent_statements_covered_display": "0"}, "missing_lines": [31, 32, 33, 34, 35, 36, 37, 39, 41, 51, 52, 53, 56, 68, 77, 78, 80, 81, 82], "excluded_lines": [], "start_line": 15}, "process_messages_batch": {"executed_lines": [], "summary": {"covered_lines": 0, "num_statements": 11, "percent_covered": 0.0, "percent_covered_display": "0", "missing_lines": 11, "excluded_lines": 0, "percent_statements_covered": 0.0, "percent_statements_covered_display": "0"}, "missing_lines": [99, 100, 102, 103, 105, 106, 108, 111, 112, 113, 115], "excluded_lines": [], "start_line": 85}, "worker_loop": {"executed_lines": [], "summary": {"covered_lines": 0, "num_statements": 35, "percent_covered": 0.0, "percent_covered_display": "0", "missing_lines": 35, "excluded_lines": 0, "percent_statements_covered": 0.0, "percent_statements_covered_display": "0"}, "missing_lines": [120, 123, 126, 128, 129, 132, 134, 135, 138, 139, 141, 144, 145, 147, 149, 154, 157, 160, 161, 162, 163, 164, 165, 168, 169, 171, 172, 177, 180, 182, 183, 184, 185, 186, 187], "excluded_lines": [], "start_line": 118}, "main": {"executed_lines": [], "summary": {"covered_lines": 0, "num_statements": 5, "percent_covered": 0.0, "percent_covered_display": "0", "missing_lines": 5, "excluded_lines": 0, "percent_statements_covered": 0.0, "percent_statements_covered_display": "0"}, "missing_lines": [192, 197, 198, 199, 200], "excluded_lines": [], "start_line": 190}, "": {"executed_lines": [], "summary": {"covered_lines": 0, "num_statements": 15, "percent_covered": 0.0, "percent_covered_display": "0", "missing_lines": 15, "excluded_lines": 0, "percent_statements_covered": 0.0, "percent_statements_covered_display": "0"}, "missing_lines": [2, 3, 4, 5, 7, 8, 9, 10, 12, 15, 85, 118, 190, 203, 204], "excluded_lines": [], "start_line": 1}}, "classes": {"": {"executed_lines": [], "summary": {"covered_lines": 0, "num_statements": 85, "percent_covered": 0.0, "percent_covered_display": "0", "missing_lines": 85, "excluded_lines": 0, "percent_statements_covered": 0.0, "percent_statements_covered_display": "0"}, "missing_lines": [2, 3, 4, 5, 7, 8, 9, 10, 12, 15, 31, 32, 33, 34, 35, 36, 37, 39, 41, 51, 52, 53, 56, 68, 77, 78, 80, 81, 82, 85, 99, 100, 102, 103, 105, 106, 108, 111, 112, 113, 115, 118, 120, 123, 126, 128, 129, 132, 134, 135, 138, 139, 141, 144, 145, 147, 149, 154, 157, 160, 161, 162, 163, 164, 165, 168, 169, 171, 172, 177, 180, 182, 183, 184, 185, 186, 187, 190, 192, 197, 198, 199, 200, 203, 204], "excluded_lines": [], "start_line": 1}}}}, "totals": {"covered_lines": 240, "num_statements": 554, "percent_covered": 43.32129963898917, "percent_covered_display": "43", "missing_lines": 314, "excluded_lines": 0, "percent_statements_covered": 43.32129963898917, "percent_statements_covered_display": "43"}}