{"meta": {"format": 3, "version": "7.13.1", "timestamp": "2026-01-05T14:07:52.302592", "branch_coverage": false, "show_contexts": false}, "files": {"app/__init__.py": {"executed_lines": [], "summary": {"covered_lines": 0, "num_statements": 0, "percent_covered": 100.0, "percent_covered_display": "100", "missing_lines": 0, "excluded_lines": 0, "percent_statements_covered": 100.0, "percent_statements_covered_display": "100"}, "missing_lines": [], "excluded_lines": [], "functions": {"": {"executed_lines": [], "summary": {"covered_lines": 0, "num_statements": 0, "percent_covered": 100.0, "percent_covered_display": "100", "missing_lines": 0, "excluded_lines": 0, "percent_statements_covered": 100.0, "percent_statements_covered_display": "100"}, "missing_lines": [], "excluded_lines": [], "start_line": 1}}, "classes": {"": {"executed_lines": [], "summary": {"covered_lines": 0, "num_statements": 0, "percent_covered": 100.0, "percent_covered_display": "100", "missing_lines": 0, "excluded_lines": 0, "percent_statements_covered": 100.0, "percent_statements_covered_display": "100"}, "missing_lines": [], "excluded_lines": [], "start_line": 1}}}, "app/api/__init__.py": {"executed_lines": [], "summary": {"covered_lines": 0, "num_statements": 0, "percent_covered": 100.0, "percent_covered_display": "100", "missing_lines": 0, "excluded_lines": 0, "percent_statements_covered": 100.0, "percent_statements_covered_display": "100"}, "missing_lines": [], "excluded_lines": [], "functions": {"": {"executed_lines": [], "summary": {"covered_lines": 0, "num_statements": 0, "percent_covered": 100.0, "percent_covered_display": "100", "missing_lines": 0, "excluded_lines": 0, "percent_statements_covered": 100.0, "percent_statements_covered_display": "100"}, "missing_lines": [], "excluded_lines": [], "start_line": 1}}, "classes": {"": {"executed_lines": [], "summary": {"covered_lines": 0, "num_statements": 0, "percent_covered": 100.0, "percent_covered_display": "100", "missing_lines": 0, "excluded_lines": 0, "percent_statements_covered": 100.0, "percent_statements_covered_display": "100"}, "missing_lines": [], "excluded_lines": [], "start_line": 1}}}, "app/api/routes/__init__.py": {"executed_lines": [], "summary": {"covered_lines": 0, "num_statements": 0, "percent_covered": 100.0, "percent_covered_display": "100", "missing_lines": 0, "excluded_lines": 0, "percent_statements_covered": 100.0, "percent_statements_covered_display": "100"}, "missing_lines": [], "excluded_lines": [], "functions": {"": {"executed_lines": [], "summary": {"covered_lines": 0, "num_statements": 0, "percent_covered": 100.0, "percent_covered_display": "100", "missing_lines": 0, "excluded_lines": 0, "percent_statements_covered": 100.0, "percent_statements_covered_display": "100"}, "missing_lines": [], "excluded_lines": [], "start_line": 1}}, "classes": {"": {"executed_lines": [], "summary": {"covered_lines": 0, "num_statements": 0, "percent_covered": 100.0, "percent_covered_display": "100", "missing_lines": 0, "excluded_lines": 0, "percent_statements_covered": 100.0, "percent_statements_covered_display": "100"}, "missing_lines": [], "excluded_lines": [], "start_line": 1}}}, "app/api/routes/orders.py": {"executed_lines": [2, 3, 4, 5, 6, 7, 9, 10, 11, 12, 13, 15, 17, 19, 21, 32, 46, 47, 48, 49, 51, 52, 53, 56, 57, 127, 128, 146, 147], "summary": {"covered_lines": 29, "num_statements": 73, "percent_covered": 39.726027397260275, "percent_covered_display": "40", "missing_lines": 44, "excluded_lines": 0, "percent_statements_covered": 39.726027397260275, "percent_statements_covered_display": "40"}, "missing_lines": [35, 36, 37, 38, 39, 40, 41, 42, 43, 50, 67, 69, 72, 79, 80, 81, 86, 87, 88, 89, 90, 92, 93, 94, 95, 96, 98, 102, 103, 104, 105, 106, 112, 115, 117, 119, 120, 121, 135, 137, 138, 143, 157, 165], "excluded_lines": [], "functions": {"get_redis_client": {"executed_lines": [21], "summary": {"covered_lines": 1, "num_statements": 1, "percent_covered": 100.0, "percent_covered_display": "100", "missing_lines": 0, "excluded_lines": 0, "percent_statements_covered": 100.0, "percent_statements_covered_display": "100"}, "missing_lines": [], "excluded_lines": [], "start_line": 19}, "get_or_create_redis_client": {"executed_lines": [], "summary": {"covered_lines": 0, "num_statements": 9, "percent_covered": 0.0, "percent_covered_display": "0", "missing_lines": 9, "excluded_lines": 0, "percent_statements_covered": 0.0, "percent_statements_covered_display": "0"}, "missing_lines": [35, 36, 37, 38, 39, 40, 41, 42, 43], "excluded_lines": [], "start_line": 32}, "create_order": {"executed_lines": [], "summary": {"covered_lines": 0, "num_statements": 28, "percent_covered": 0.0, "percent_covered_display": "0", "missing_lines": 28, "excluded_lines": 0, "percent_statements_covered": 0.0, "percent_statements_covered_display": "0"}, "missing_lines": [67, 69, 72, 79, 80, 81, 86, 87, 88, 89, 90, 92, 93, 94, 95, 96, 98, 102, 103, 104, 105, 106, 112, 115, 117, 119, 120, 121], "excluded_lines": [], "start_line": 57}, "get_order": {"executed_lines": [], "summary": {"covered_lines": 0, "num_statements": 4, "percent_covered": 0.0, "percent_covered_display": "0", "missing_lines": 4, "excluded_lines": 0, "percent_statements_covered": 0.0, "percent_statements_covered_display": "0"}, "missing_lines": [135, 137, 138, 143], "excluded_lines": [], "start_line": 128}, "list_orders": {"executed_lines": [], "summary": {"covered_lines": 0, "num_statements": 2, "percent_covered": 0.0, "percent_covered_display": "0", "missing_lines": 2, "excluded_lines": 0, "percent_statements_covered": 0.0, "percent_statements_covered_display": "0"}, "missing_lines": [157, 165], "excluded_lines": [], "start_line": 147}, "": {"executed_lines": [2, 3, 4, 5, 6, 7, 9, 10, 11, 12, 13, 15, 17, 19, 32, 46, 47, 48, 49, 51, 52, 53, 56, 57, 127, 128, 146, 147], "summary": {"covered_lines": 28, "num_statements": 29, "percent_covered": 96.55172413793103, "percent_covered_display": "97", "missing_lines": 1, "excluded_lines": 0, "percent_statements_covered": 96.55172413793103, "percent_statements_covered_display": "97"}, "missing_lines": [50], "excluded_lines": [], "start_line": 1}}, "classes": {"": {"executed_lines": [2, 3, 4, 5, 6, 7, 9, 10, 11, 12, 13, 15, 17, 19, 21, 32, 46, 47, 48, 49, 51, 52, 53, 56, 57, 127, 128, 146, 147], "summary": {"covered_lines": 29, "num_statements": 73, "percent_covered": 39.726027397260275, "percent_covered_display": "40", "missing_lines": 44, "excluded_lines": 0, "percent_statements_covered": 39.726027397260275, "percent_statements_covered_display": "40"}, "missing_lines": [35, 36, 37, 38, 39, 40, 41, 42, 43, 50, 67, 69, 72, 79, 80, 81, 86, 87, 88, 89, 90, 92, 93, 94, 95, 96, 98, 102, 103, 104, 105, 106, 112, 115, 117, 119, 120, 121, 135, 137, 138, 143, 157, 165], "excluded_lines": [], "start_line": 1}}}, "app/core/__init__.py": {"executed_lines": [], "summary": {"covered_lines": 0, "num_statements": 0, "percent_covered": 100.0, "percent_covered_display": "100", "missing_lines": 0, "excluded_lines": 0, "percent_statements_covered": 100.0, "percent_statements_covered_display": "100"}, "missing_lines": [], "excluded_lines": [], "functions": {"": {"executed_lines": [], "summary": {"covered_lines": 0, "num_statements": 0, "percent_covered": 100.0, "percent_covered_display": "100", "missing_lines": 0, "excluded_lines": 0, "percent_statements_covered": 100.0, "percent_statements_covered_display": "100"}, "missing_lines": [], "excluded_lines": [], "start_line": 1}}, "classes": {"": {"executed_lines": [], "summary": {"covered_lines": 0, "num_statements": 0, "percent_covered": 100.0, "percent_covered_display": "100", "missing_lines": 0, "excluded_lines": 0, "percent_statements_covered": 100.0, "percent_statements_covered_display": "100"}, "missing_lines": [], "excluded_lines": [], "start_line": 1}}}, "app/core/circuit_breaker.py": {"executed_lines": [2, 3, 4, 5, 6, 8, 11, 13, 14, 15, 18, 21, 27, 28, 29, 31, 32, 33, 35, 54, 73, 82, 97, 106], "summary": {"covered_lines": 24, "num_statements": 67, "percent_covered": 35.82089552238806, "percent_covered_display": "36", "missing_lines": 43, "excluded_lines": 0, "percent_statements_covered": 35.82089552238806, "percent_statements_covered_display": "36"}, "missing_lines": [38, 39, 40, 41, 43, 46, 47, 48, 49, 50, 51, 52, 57, 58, 59, 60, 62, 65, 66, 67, 68, 69, 70, 71, 75, 76, 77, 78, 79, 80, 84, 85, 87, 88, 89, 92, 93, 94, 95, 99, 100, 101, 102], "excluded_lines": [], "functions": {"CircuitBreaker.__init__": {"executed_lines": [27, 28, 29, 31, 32, 33], "summary": {"covered_lines": 6, "num_statements": 6, "percent_covered": 100.0, "percent_covered_display": "100", "missing_lines": 0, "excluded_lines": 0, "percent_statements_covered": 100.0, "percent_statements_covered_display": "100"}, "missing_lines": [], "excluded_lines": [], "start_line": 21}, "CircuitBreaker.call": {"executed_lines": [], "summary": {"covered_lines": 0, "num_statements": 12, "percent_covered": 0.0, "percent_covered_display": "0", "missing_lines": 12, "excluded_lines": 0, "percent_statements_covered": 0.0, "percent_statements_covered_display": "0"}, "missing_lines": [38, 39, 40, 41, 43, 46, 47, 48, 49, 50, 51, 52], "excluded_lines": [], "start_line": 35}, "CircuitBreaker.call_async": {"executed_lines": [], "summary": {"covered_lines": 0, "num_statements": 12, "percent_covered": 0.0, "percent_covered_display": "0", "missing_lines": 12, "excluded_lines": 0, "percent_statements_covered": 0.0, "percent_statements_covered_display": "0"}, "missing_lines": [57, 58, 59, 60, 62, 65, 66, 67, 68, 69, 70, 71], "excluded_lines": [], "start_line": 54}, "CircuitBreaker._on_success": {"executed_lines": [], "summary": {"covered_lines": 0, "num_statements": 6, "percent_covered": 0.0, "percent_covered_display": "0", "missing_lines": 6, "excluded_lines": 0, "percent_statements_covered": 0.0, "percent_statements_covered_display": "0"}, "missing_lines": [75, 76, 77, 78, 79, 80], "excluded_lines": [], "start_line": 73}, "CircuitBreaker._on_failure": {"executed_lines": [], "summary": {"covered_lines": 0, "num_statements": 9, "percent_covered": 0.0, "percent_covered_display": "0", "missing_lines": 9, "excluded_lines": 0, "percent_statements_covered": 0.0, "percent_statements_covered_display": "0"}, "missing_lines": [84, 85, 87, 88, 89, 92, 93, 94, 95], "excluded_lines": [], "start_line": 82}, "CircuitBreaker.reset": {"executed_lines": [], "summary": {"covered_lines": 0, "num_statements": 4, "percent_covered": 0.0, "percent_covered_display": "0", "missing_lines": 4, "excluded_lines": 0, "percent_statements_covered": 0.0, "percent_statements_covered_display": "0"}, "missing_lines": [99, 100, 101, 102], "excluded_lines": [], "start_line": 97}, "": {"executed_lines": [2, 3, 4, 5, 6, 8, 11, 13, 14, 15, 18, 21, 35, 54, 73, 82, 97, 106], "summary": {"covered_lines": 18, "num_statements": 18, "percent_covered": 100.0, "percent_covered_display": "100", "missing_lines": 0, "excluded_lines": 0, "percent_statements_covered": 100.0, "percent_statements_covered_display": "100"}, "missing_lines": [], "excluded_lines": [], "start_line": 1}}, "classes": {"CircuitState": {"executed_lines": [], "summary": {"covered_lines": 0, "num_statements": 0, "percent_covered": 100.0, "percent_covered_display": "100", "missing_lines": 0, "excluded_lines": 0, "percent_statements_covered": 100.0, "percent_statements_covered_display": "100"}, "missing_lines": [], "excluded_lines": [], "start_line": 11}, "CircuitBreaker": {"executed_lines": [27, 28, 29, 31, 32, 33], "summary": {"covered_lines": 6, "num_statements": 49, "percent_covered": 12.244897959183673, "percent_covered_display": "12", "missing_lines": 43, "excluded_lines": 0, "percent_statements_covered": 12.244897959183673, "percent_statements_covered_display": "12"}, "missing_lines": [38, 39, 40, 41, 43, 46, 47, 48, 49, 50, 51, 52, 57, 58, 59, 60, 62, 65, 66, 67, 68, 69, 70, 71, 75, 76, 77, 78, 79, 80, 84, 85, 87, 88, 89, 92, 93, 94, 95, 99, 100, 101, 102], "excluded_lines": [], "start_line": 18}, "": {"executed_lines": [2, 3, 4, 5, 6, 8, 11, 13, 14, 15, 18, 21, 35, 54, 73, 82, 97, 106], "summary": {"covered_lines": 18, "num_statements": 18, "percent_covered": 100.0, "percent_covered_display": "100", "missing_lines": 0, "excluded_lines": 0, "percent_statements_covered": 100.0, "percent_statements_covered_display": "100"}, "missing_lines": [], "excluded_lines": [], "start_line": 1}}}, "app/core/config.py": {"executed_lines": [2, 3, 6, 10, 11, 12, 15, 18, 19, 20, 21, 24, 25, 26, 27, 30, 31, 32, 35, 36, 37, 40, 42, 43, 44, 47], "summary": {"covered_lines": 26, "num_statements": 26, "percent_covered": 100.0, "percent_covered_display": "100", "missing_lines": 0, "excluded_lines": 0, "percent_statements_covered": 100.0, "percent_statements_covered_display": "100"}, "missing_lines": [], "excluded_lines": [], "functions": {"": {"executed_lines": [2, 3, 6, 10, 11, 12, 15, 18, 19, 20, 21, 24, 25, 26, 27, 30, 31, 32, 35, 36, 37, 40, 42, 43, 44, 47], "summary": {"covered_lines": 26, "num_statements": 26, "percent_covered": 100.0, "percent_covered_display": "100", "missing_lines": 0, "excluded_lines": 0, "percent_statements_covered": 100.0, "percent_statements_covered_display": "100"}, "missing_lines": [], "excluded_lines": [], "start_line": 1}}, "classes": {"Settings": {"executed_lines": [], "summary": {"covered_lines": 0, "num_statements": 0, "percent_covered": 100.0, "percent_covered_display": "100", "missing_lines": 0, "excluded_lines": 0, "percent_statements_covered": 100.0, "percent_statements_covered_display": "100"}, "missing_lines": [], "excluded_lines": [], "start_line": 6}, "Settings.Config": {"executed_lines": [], "summary": {"covered_lines": 0, "num_statements": 0, "percent_covered": 100.0, "percent_covered_display": "100", "missing_lines": 0, "excluded_lines": 0, "percent_statements_covered": 100.0, "percent_statements_covered_display": "100"}, "missing_lines": [], "excluded_lines": [], "start_line": 42}, "": {"executed_lines": [2, 3, 6, 10, 11, 12, 15, 18, 19, 20, 21, 24, 25, 26, 27, 30, 31, 32, 35, 36, 37, 40, 42, 43, 44, 47], "summary": {"covered_lines": 26, "num_statements": 26, "percent_covered": 100.0, "percent_covered_display": "100", "missing_lines": 0, "excluded_lines": 0, "percent_statements_covered": 100.0, "percent_statements_covered_display": "100"}, "missing_lines": [], "excluded_lines": [], "start_line": 1}}}, "app/core/database.py": {"executed_lines": [2, 3, 4, 7, 16, 25, 28, 37], "summary": {"covered_lines": 8, "num_statements": 14, "percent_covered": 57.142857142857146, "percent_covered_display": "57", "missing_lines": 6, "excluded_lines": 0, "percent_statements_covered": 57.142857142857146, "percent_statements_covered_display": "57"}, "missing_lines": [30, 31, 32, 34, 39, 40], "excluded_lines": [], "functions": {"get_db": {"executed_lines": [], "summary": {"covered_lines": 0, "num_statements": 4, "percent_covered": 0.0, "percent_covered_display": "0", "missing_lines": 4, "excluded_lines": 0, "percent_statements_covered": 0.0, "percent_statements_covered_display": "0"}, "missing_lines": [30, 31, 32, 34], "excluded_lines": [], "start_line": 28}, "init_db": {"executed_lines": [], "summary": {"covered_lines": 0, "num_statements": 2, "percent_covered": 0.0, "percent_covered_display": "0", "missing_lines": 2, "excluded_lines": 0, "percent_statements_covered": 0.0, "percent_statements_covered_display": "0"}, "missing_lines": [39, 40], "excluded_lines": [], "start_line": 37}, "": {"executed_lines": [2, 3, 4, 7, 16, 25, 28, 37], "summary": {"covered_lines": 8, "num_statements": 8, "percent_covered": 100.0, "percent_covered_display": "100", "missing_lines": 0, "excluded_lines": 0, "percent_statements_covered": 100.0, "percent_statements_covered_display": "100"}, "missing_lines": [], "excluded_lines": [], "start_line": 1}}, "classes": {"": {"executed_lines": [2, 3, 4, 7, 16, 25, 28, 37], "summary": {"covered_lines": 8, "num_statements": 14, "percent_covered": 57.142857142857146, "percent_covered_display": "57", "missing_lines": 6, "excluded_lines": 0, "percent_statements_covered": 57.142857142857146, "percent_statements_covered_display": "57"}, "missing_lines": [30, 31, 32, 34, 39, 40], "excluded_lines": [], "start_line": 1}}}, "app/main.py": {"executed_lines": [2, 3, 4, 6, 7, 8, 11, 16, 19, 26, 35, 38, 39, 49, 50, 55, 56], "summary": {"covered_lines": 17, "num_statements": 25, "percent_covered": 68.0, "percent_covered_display": "68", "missing_lines": 8, "excluded_lines": 0, "percent_statements_covered": 68.0, "percent_statements_covered_display": "68"}, "missing_lines": [41, 42, 43, 44, 45, 46, 52, 58], "excluded_lines": [], "functions": {"startup_event": {"executed_lines": [], "summary": {"covered_lines": 0, "num_statements": 6, "percent_covered": 0.0, "percent_covered_display": "0", "missing_lines": 6, "excluded_lines": 0, "percent_statements_covered": 0.0, "percent_statements_covered_display": "0"}, "missing_lines": [41, 42, 43, 44, 45, 46], "excluded_lines": [], "start_line": 39}, "health_check": {"executed_lines": [], "summary": {"covered_lines": 0, "num_statements": 1, "percent_covered": 0.0, "percent_covered_display": "0", "missing_lines": 1, "excluded_lines": 0, "percent_statements_covered": 0.0, "percent_statements_covered_display": "0"}, "missing_lines": [52], "excluded_lines": [], "start_line": 50}, "root": {"executed_lines": [], "summary": {"covered_lines": 0, "num_statements": 1, "percent_covered": 0.0, "percent_covered_display": "0", "missing_lines": 1, "excluded_lines": 0, "percent_statements_covered": 0.0, "percent_statements_covered_display": "0"}, "missing_lines": [58], "excluded_lines": [], "start_line": 56}, "": {"executed_lines": [2, 3, 4, 6, 7, 8, 11, 16, 19, 26, 35, 38, 39, 49, 50, 55, 56], "summary": {"covered_lines": 17, "num_statements": 17, "percent_covered": 100.0, "percent_covered_display": "100", "missing_lines": 0, "excluded_lines": 0, "percent_statements_covered": 100.0, "percent_statements_covered_display": "100"}, "missing_lines": [], "excluded_lines": [], "start_line": 1}}, "classes": {"": {"executed_lines": [2, 3, 4, 6, 7, 8, 11, 16, 19, 26, 35, 38, 39, 49, 50, 55, 56], "summary": {"covered_lines": 17, "num_statements": 25, "percent_covered": 68.0, "percent_covered_display": "68", "missing_lines": 8, "excluded_lines": 0, "percent_statements_covered": 68.0, "percent_statements_covered_display": "68"}, "missing_lines": [41, 42, 43, 44, 45, 46, 52, 58], "excluded_lines": [], "start_line": 1}}}, "app/models/__init__.py": {"executed_lines": [], "summary": {"covered_lines": 0, "num_statements": 0, "percent_covered": 100.0, "percent_covered_display": "100", "missing_lines": 0, "excluded_lines": 0, "percent_statements_covered": 100.0, "percent_statements_covered_display": "100"}, "missing_lines": [], "excluded_lines": [], "functions": {"": {"executed_lines": [], "summary": {"covered_lines": 0, "num_statements": 0, "percent_covered": 100.0, "percent_covered_display": "100", "missing_lines": 0, "excluded_lines": 0, "percent_statements_covered": 100.0, "percent_statements_covered_display": "100"}, "missing_lines": [], "excluded_lines": [], "start_line": 1}}, "classes": {"": {"executed_lines": [], "summary": {"covered_lines": 0, "num_statements": 0, "percent_covered": 100.0, "percent_covered_display": "100", "missing_lines": 0, "excluded_lines": 0, "percent_statements_covered": 100.0, "percent_statements_covered_display": "100"}, "missing_lines": [], "excluded_lines": [], "start_line": 1}}}, "app/models/order.py": {"executed_lines": [2, 3, 4, 5, 6, 7, 10, 12, 13, 14, 15, 16, 19, 21, 22, 23, 24, 27, 29, 31, 32, 33, 34, 35, 36, 39, 40, 42, 46, 48, 50, 51, 52, 53, 54, 55, 58, 60, 64, 66, 68, 69, 70, 71, 72, 73, 74, 77, 79], "summary": {"covered_lines": 49, "num_statements": 52, "percent_covered": 94.23076923076923, "percent_covered_display": "94", "missing_lines": 3, "excluded_lines": 0, "percent_statements_covered": 94.23076923076923, "percent_statements_covered_display": "94"}, "missing_lines": [43, 61, 80], "excluded_lines": [], "functions": {"Order.__repr__": {"executed_lines": [], "summary": {"covered_lines": 0, "num_statements": 1, "percent_covered": 0.0, "percent_covered_display": "0", "missing_lines": 1, "excluded_lines": 0, "percent_statements_covered": 0.0, "percent_statements_covered_display": "0"}, "missing_lines": [43], "excluded_lines": [], "start_line": 42}, "OrderItem.__repr__": {"executed_lines": [], "summary": {"covered_lines": 0, "num_statements": 1, "percent_covered": 0.0, "percent_covered_display": "0", "missing_lines": 1, "excluded_lines": 0, "percent_statements_covered": 0.0, "percent_statements_covered_display": "0"}, "missing_lines": [61], "excluded_lines": [], "start_line": 60}, "PaymentAttempt.__repr__": {"executed_lines": [], "summary": {"covered_lines": 0, "num_statements": 1, "percent_covered": 0.0, "percent_covered_display": "0", "missing_lines": 1, "excluded_lines": 0, "percent_statements_covered": 0.0, "percent_statements_covered_display": "0"}, "missing_lines": [80], "excluded_lines": [], "start_line": 79}, "": {"executed_lines": [2, 3, 4, 5, 6, 7, 10, 12, 13, 14, 15, 16, 19, 21, 22, 23, 24, 27, 29, 31, 32, 33, 34, 35, 36, 39, 40, 42, 46, 48, 50, 51, 52, 53, 54, 55, 58, 60, 64, 66, 68, 69, 70, 71, 72, 73, 74, 77, 79], "summary": {"covered_lines": 49, "num_statements": 49, "percent_covered": 100.0, "percent_covered_display": "100", "missing_lines": 0, "excluded_lines": 0, "percent_statements_covered": 100.0, "percent_statements_covered_display": "100"}, "missing_lines": [], "excluded_lines": [], "start_line": 1}}, "classes": {"OrderStatus": {"executed_lines": [], "summary": {"covered_lines": 0, "num_statements": 0, "percent_covered": 100.0, "percent_covered_display": "100", "missing_lines": 0, "excluded_lines": 0, "percent_statements_covered": 100.0, "percent_statements_covered_display": "100"}, "missing_lines": [], "excluded_lines": [], "start_line": 10}, "PaymentStatus": {"executed_lines": [], "summary": {"covered_lines": 0, "num_statements": 0, "percent_covered": 100.0, "percent_covered_display": "100", "missing_lines": 0, "excluded_lines": 0, "percent_statements_covered": 100.0, "percent_statements_covered_display": "100"}, "missing_lines": [], "excluded_lines": [], "start_line": 19}, "Order": {"executed_lines": [], "summary": {"covered_lines": 0, "num_statements": 1, "percent_covered": 0.0, "percent_covered_display": "0", "missing_lines": 1, "excluded_lines": 0, "percent_statements_covered": 0.0, "percent_statements_covered_display": "0"}, "missing_lines": [43], "excluded_lines": [], "start_line": 27}, "OrderItem": {"executed_lines": [], "summary": {"covered_lines": 0, "num_statements": 1, "percent_covered": 0.0, "percent_covered_display": "0", "missing_lines": 1, "excluded_lines": 0, "percent_statements_covered": 0.0, "percent_statements_covered_display": "0"}, "missing_lines": [61], "excluded_lines": [], "start_line": 46}, "PaymentAttempt": {"executed_lines": [], "summary": {"covered_lines": 0, "num_statements": 1, "percent_covered": 0.0, "percent_covered_display": "0", "missing_lines": 1, "excluded_lines": 0, "percent_statements_covered": 0.0, "percent_statements_covered_display": "0"}, "missing_lines": [80], "excluded_lines": [], "start_line": 64}, "": {"executed_lines": [2, 3, 4, 5, 6, 7, 10, 12, 13, 14, 15, 16, 19, 21, 22, 23, 24, 27, 29, 31, 32, 33, 34, 35, 36, 39, 40, 42, 46, 48, 50, 51, 52, 53, 54, 55, 58, 60, 64, 66, 68, 69, 70, 71, 72, 73, 74, 77, 79], "summary": {"covered_lines": 49, "num_statements": 49, "percent_covered": 100.0, "percent_covered_display": "100", "missing_lines": 0, "excluded_lines": 0, "percent_statements_covered": 100.0, "percent_statements_covered_display": "100"}, "missing_lines": [], "excluded_lines": [], "start_line": 1}}}, "app/schemas/__init__.py": {"executed_lines": [], "summary": {"covered_lines": 0, "num_statements": 0, "percent_covered": 100.0, "percent_covered_display": "100", "missing_lines": 0, "excluded_lines": 0, "percent_statements_covered": 100.0, "percent_statements_covered_display": "100"}, "missing_lines": [], "excluded_lines": [], "functions": {"": {"executed_lines": [], "summary": {"covered_lines": 0, "num_statements": 0, "percent_covered": 100.0, "percent_covered_display": "100", "missing_lines": 0, "excluded_lines": 0, "percent_statements_covered": 100.0, "percent_statements_covered_display": "100"}, "missing_lines": [], "excluded_lines": [], "start_line": 1}}, "classes": {"": {"executed_lines": [], "summary": {"covered_lines": 0, "num_statements": 0, "percent_covered": 100.0, "percent_covered_display": "100", "missing_lines": 0, "excluded_lines": 0, "percent_statements_covered": 100.0, "percent_statements_covered_display": "100"}, "missing_lines": [], "excluded_lines": [], "start_line": 1}}}, "app/schemas/order.py": {"executed_lines": [2, 3, 4, 5, 8, 10, 11, 12, 13, 16, 18, 19, 21, 22, 43, 45, 46, 47, 48, 49, 51, 52, 55, 57, 58, 59, 60, 61, 62, 64, 65, 68, 70, 71, 72, 73, 74, 75, 76, 77, 79, 80, 83, 85, 86, 87, 88], "summary": {"covered_lines": 47, "num_statements": 47, "percent_covered": 100.0, "percent_covered_display": "100", "missing_lines": 0, "excluded_lines": 0, "percent_statements_covered": 100.0, "percent_statements_covered_display": "100"}, "missing_lines": [], "excluded_lines": [], "functions": {"": {"executed_lines": [2, 3, 4, 5, 8, 10, 11, 12, 13, 16, 18, 19, 21, 22, 43, 45, 46, 47, 48, 49, 51, 52, 55, 57, 58, 59, 60, 61, 62, 64, 65, 68, 70, 71, 72, 73, 74, 75, 76, 77, 79, 80, 83, 85, 86, 87, 88], "summary": {"covered_lines": 47, "num_statements": 47, "percent_covered": 100.0, "percent_covered_display": "100", "missing_lines": 0, "excluded_lines": 0, "percent_statements_covered": 100.0, "percent_statements_covered_display": "100"}, "missing_lines": [], "excluded_lines": [], "start_line": 1}}, "classes": {"OrderItemCreate": {"executed_lines": [], "summary": {"covered_lines": 0, "num_statements": 0, "percent_covered": 100.0, "percent_covered_display": "100", "missing_lines": 0, "excluded_lines": 0, "percent_statements_covered": 100.0, "percent_statements_covered_display": "100"}, "missing_lines": [], "excluded_lines": [], "start_line": 8}, "OrderCreate": {"executed_lines": [], "summary": {"covered_lines": 0, "num_statements": 0, "percent_covered": 100.0, "percent_covered_display": "100", "missing_lines": 0, "excluded_lines": 0, "percent_statements_covered": 100.0, "percent_statements_covered_display": "100"}, "missing_lines": [], "excluded_lines": [], "start_line": 16}, "OrderCreate.Config": {"executed_lines": [], "summary": {"covered_lines": 0, "num_statements": 0, "percent_covered": 100.0, "percent_covered_display": "100", "missing_lines": 0, "excluded_lines": 0, "percent_statements_covered": 100.0, "percent_statements_covered_display": "100"}, "missing_lines": [], "excluded_lines": [], "start_line": 21}, "OrderItemResponse": {"executed_lines": [], "summary": {"covered_lines": 0, "num_statements": 0, "percent_covered": 100.0, "percent_covered_display": "100", "missing_lines": 0, "excluded_lines": 0, "percent_statements_covered": 100.0, "percent_statements_covered_display": "100"}, "missing_lines": [], "excluded_lines": [], "start_line": 43}, "OrderItemResponse.Config": {"executed_lines": [], "summary": {"covered_lines": 0, "num_statements": 0, "percent_covered": 100.0, "percent_covered_display": "100", "missing_lines": 0, "excluded_lines": 0, "percent_statements_covered": 100.0, "percent_statements_covered_display": "100"}, "missing_lines": [], "excluded_lines": [], "start_line": 51}, "PaymentAttemptResponse": {"executed_lines": [], "summary": {"covered_lines": 0, "num_statements": 0, "percent_covered": 100.0, "percent_covered_display": "100", "missing_lines": 0, "excluded_lines": 0, "percent_statements_covered": 100.0, "percent_statements_covered_display": "100"}, "missing_lines": [], "excluded_lines": [], "start_line": 55}, "PaymentAttemptResponse.Config": {"executed_lines": [], "summary": {"covered_lines": 0, "num_statements": 0, "percent_covered": 100.0, "percent_covered_display": "100", "missing_lines": 0, "excluded_lines": 0, "percent_statements_covered": 100.0, "percent_statements_covered_display": "100"}, "missing_lines": [], "excluded_lines": [], "start_line": 64}, "OrderResponse": {"executed_lines": [], "summary": {"covered_lines": 0, "num_statements": 0, "percent_covered": 100.0, "percent_covered_display": "100", "missing_lines": 0, "excluded_lines": 0, "percent_statements_covered": 100.0, "percent_statements_covered_display": "100"}, "missing_lines": [], "excluded_lines": [], "start_line": 68}, "OrderResponse.Config": {"executed_lines": [], "summary": {"covered_lines": 0, "num_statements": 0, "percent_covered": 100.0, "percent_covered_display": "100", "missing_lines": 0, "excluded_lines": 0, "percent_statements_covered": 100.0, "percent_statements_covered_display": "100"}, "missing_lines": [], "excluded_lines": [], "start_line": 79}, "OrderListResponse": {"executed_lines": [], "summary": {"covered_lines": 0, "num_statements": 0, "percent_covered": 100.0, "percent_covered_display": "100", "missing_lines": 0, "excluded_lines": 0, "percent_statements_covered": 100.0, "percent_statements_covered_display": "100"}, "missing_lines": [], "excluded_lines": [], "start_line": 83}, "": {"executed_lines": [2, 3, 4, 5, 8, 10, 11, 12, 13, 16, 18, 19, 21, 22, 43, 45, 46, 47, 48, 49, 51, 52, 55, 57, 58, 59, 60, 61, 62, 64, 65, 68, 70, 71, 72, 73, 74, 75, 76, 77, 79, 80, 83, 85, 86, 87, 88], "summary": {"covered_lines": 47, "num_statements": 47, "percent_covered": 100.0, "percent_covered_display": "100", "missing_lines": 0, "excluded_lines": 0, "percent_statements_covered": 100.0, "percent_statements_covered_display": "100"}, "missing_lines": [], "excluded_lines": [], "start_line": 1}}}, "app/services/__init__.py": {"executed_lines": [], "summary": {"covered_lines": 0, "num_statements": 0, "percent_covered": 100.0, "percent_covered_display": "100", "missing_lines": 0, "excluded_lines": 0, "percent_statements_covered": 100.0, "percent_statements_covered_display": "100"}, "missing_lines": [], "excluded_lines": [], "functions": {"": {"executed_lines": [], "summary": {"covered_lines": 0, "num_statements": 0, "percent_covered": 100.0, "percent_covered_display": "100", "missing_lines": 0, "excluded_lines": 0, "percent_statements_covered": 100.0, "percent_statements_covered_display": "100"}, "missing_lines": [], "excluded_lines": [], "start_line": 1}}, "classes": {"": {"executed_lines": [], "summary": {"covered_lines": 0, "num_statements": 0, "percent_covered": 100.0, "percent_covered_display": "100", "missing_lines": 0, "excluded_lines": 0, "percent_statements_covered": 100.0, "percent_statements_covered_display": "100"}, "missing_lines": [], "excluded_lines": [], "start_line": 1}}}, "app/services/order_service.py": {"executed_lines": [2, 3, 4, 5, 6, 7, 8, 10, 13, 16, 17, 57, 58, 76, 77, 127, 128, 155, 156, 186, 187], "summary": {"covered_lines": 21, "num_statements": 73, "percent_covered": 28.767123287671232, "percent_covered_display": "29", "missing_lines": 52, "excluded_lines": 0, "percent_statements_covered": 28.767123287671232, "percent_statements_covered_display": "29"}, "missing_lines": [29, 32, 37, 38, 41, 42, 49, 51, 52, 54, 55, 69, 74, 98, 103, 104, 105, 106, 109, 110, 111, 112, 113, 115, 116, 119, 120, 122, 123, 125, 144, 145, 146, 148, 149, 150, 152, 153, 174, 180, 181, 182, 184, 205, 208, 210, 211, 213, 214, 215, 216, 218], "excluded_lines": [], "functions": {"OrderService.create_order": {"executed_lines": [], "summary": {"covered_lines": 0, "num_statements": 11, "percent_covered": 0.0, "percent_covered_display": "0", "missing_lines": 11, "excluded_lines": 0, "percent_statements_covered": 0.0, "percent_statements_covered_display": "0"}, "missing_lines": [29, 32, 37, 38, 41, 42, 49, 51, 52, 54, 55], "excluded_lines": [], "start_line": 17}, "OrderService.get_order": {"executed_lines": [], "summary": {"covered_lines": 0, "num_statements": 2, "percent_covered": 0.0, "percent_covered_display": "0", "missing_lines": 2, "excluded_lines": 0, "percent_statements_covered": 0.0, "percent_statements_covered_display": "0"}, "missing_lines": [69, 74], "excluded_lines": [], "start_line": 58}, "OrderService.get_orders": {"executed_lines": [], "summary": {"covered_lines": 0, "num_statements": 17, "percent_covered": 0.0, "percent_covered_display": "0", "missing_lines": 17, "excluded_lines": 0, "percent_statements_covered": 0.0, "percent_statements_covered_display": "0"}, "missing_lines": [98, 103, 104, 105, 106, 109, 110, 111, 112, 113, 115, 116, 119, 120, 122, 123, 125], "excluded_lines": [], "start_line": 77}, "OrderService.update_order_status": {"executed_lines": [], "summary": {"covered_lines": 0, "num_statements": 8, "percent_covered": 0.0, "percent_covered_display": "0", "missing_lines": 8, "excluded_lines": 0, "percent_statements_covered": 0.0, "percent_statements_covered_display": "0"}, "missing_lines": [144, 145, 146, 148, 149, 150, 152, 153], "excluded_lines": [], "start_line": 128}, "OrderService.create_payment_attempt": {"executed_lines": [], "summary": {"covered_lines": 0, "num_statements": 5, "percent_covered": 0.0, "percent_covered_display": "0", "missing_lines": 5, "excluded_lines": 0, "percent_statements_covered": 0.0, "percent_statements_covered_display": "0"}, "missing_lines": [174, 180, 181, 182, 184], "excluded_lines": [], "start_line": 156}, "OrderService.update_payment_attempt": {"executed_lines": [], "summary": {"covered_lines": 0, "num_statements": 9, "percent_covered": 0.0, "percent_covered_display": "0", "missing_lines": 9, "excluded_lines": 0, "percent_statements_covered": 0.0, "percent_statements_covered_display": "0"}, "missing_lines": [205, 208, 210, 211, 213, 214, 215, 216, 218], "excluded_lines": [], "start_line": 187}, "": {"executed_lines": [2, 3, 4, 5, 6, 7, 8, 10, 13, 16, 17, 57, 58, 76, 77, 127, 128, 155, 156, 186, 187], "summary": {"covered_lines": 21, "num_statements": 21, "percent_covered": 100.0, "percent_covered_display": "100", "missing_lines": 0, "excluded_lines": 0, "percent_statements_covered": 100.0, "percent_statements_covered_display": "100"}, "missing_lines": [], "excluded_lines": [], "start_line": 1}}, "classes": {"OrderService": {"executed_lines": [], "summary": {"covered_lines": 0, "num_statements": 52, "percent_covered": 0.0, "percent_covered_display": "0", "missing_lines": 52, "excluded_lines": 0, "percent_statements_covered": 0.0, "percent_statements_covered_display": "0"}, "missing_lines": [29, 32, 37, 38, 41, 42, 49, 51, 52, 54, 55, 69, 74, 98, 103, 104, 105, 106, 109, 110, 111, 112, 113, 115, 116, 119, 120, 122, 123, 125, 144, 145, 146, 148, 149, 150, 152, 153, 174, 180, 181, 182, 184, 205, 208, 210, 211, 213, 214, 215, 216, 218], "excluded_lines": [], "start_line": 13}, "": {"executed_lines": [2, 3, 4, 5, 6, 7, 8, 10, 13, 16, 17, 57, 58, 76, 77, 127, 128, 155, 156, 186, 187], "summary": {"covered_lines": 21, "num_statements": 21, "percent_covered": 100.0, "percent_covered_display": "100", "missing_lines": 0, "excluded_lines": 0, "percent_statements_covered": 100.0, "percent_statements_covered_display": "100"}, "missing_lines": [], "excluded_lines": [], "start_line": 1}}}, "app/services/payment_service.py": {"executed_lines": [2, 3, 4, 5, 6, 7, 9, 12, 15, 16, 59, 60], "summary": {"covered_lines": 12, "num_statements": 27, "percent_covered": 44.44444444444444, "percent_covered_display": "44", "missing_lines": 15, "excluded_lines": 0, "percent_statements_covered": 44.44444444444444, "percent_statements_covered_display": "44"}, "missing_lines": [32, 36, 39, 41, 42, 43, 50, 56, 57, 79, 80, 86, 88, 89, 90], "excluded_lines": [], "functions": {"PaymentService.process_payment": {"executed_lines": [], "summary": {"covered_lines": 0, "num_statements": 9, "percent_covered": 0.0, "percent_covered_display": "0", "missing_lines": 9, "excluded_lines": 0, "percent_statements_covered": 0.0, "percent_statements_covered_display": "0"}, "missing_lines": [32, 36, 39, 41, 42, 43, 50, 56, 57], "excluded_lines": [], "start_line": 16}, "PaymentService.process_payment_with_circuit_breaker": {"executed_lines": [], "summary": {"covered_lines": 0, "num_statements": 6, "percent_covered": 0.0, "percent_covered_display": "0", "missing_lines": 6, "excluded_lines": 0, "percent_statements_covered": 0.0, "percent_statements_covered_display": "0"}, "missing_lines": [79, 80, 86, 88, 89, 90], "excluded_lines": [], "start_line": 60}, "": {"executed_lines": [2, 3, 4, 5, 6, 7, 9, 12, 15, 16, 59, 60], "summary": {"covered_lines": 12, "num_statements": 12, "percent_covered": 100.0, "percent_covered_display": "100", "missing_lines": 0, "excluded_lines": 0, "percent_statements_covered": 100.0, "percent_statements_covered_display": "100"}, "missing_lines": [], "excluded_lines": [], "start_line": 1}}, "classes": {"PaymentService": {"executed_lines": [], "summary": {"covered_lines": 0, "num_statements": 15, "percent_covered": 0.0, "percent_covered_display": "0", "missing_lines": 15, "excluded_lines": 0, "percent_statements_covered": 0.0, "percent_statements_covered_display": "0"}, "missing_lines": [32, 36, 39, 41, 42, 43, 50, 56, 57, 79, 80, 86, 88, 89, 90], "excluded_lines": [], "start_line": 12}, "": {"executed_lines": [2, 3, 4, 5, 6, 7, 9, 12, 15, 16, 59, 60], "summary": {"covered_lines": 12, "num_statements": 12, "percent_covered": 100.0, "percent_covered_display": "100", "missing_lines": 0, "excluded_lines": 0, "percent_statements_covered": 100.0, "percent_statements_covered_display": "100"}, "missing_lines": [], "excluded_lines": [], "start_line": 1}}}, "app/workers/__init__.py": {"executed_lines": [], "summary": {"covered_lines": 0, "num_statements": 0, "percent_covered": 100.0, "percent_covered_display": "100", "missing_lines": 0, "excluded_lines": 0, "percent_statements_covered": 100.0, "percent_statements_covered_display": "100"}, "missing_lines": [], "excluded_lines": [], "functions": {"": {"executed_lines": [], "summary": {"covered_lines": 0, "num_statements": 0, "percent_covered": 100.0, "percent_covered_display": "100", "missing_lines": 0, "excluded_lines": 0, "percent_statements_covered": 100.0, "percent_statements_covered_display": "100"}, "missing_lines": [], "excluded_lines": [], "start_line": 1}}, "classes": {"": {"executed_lines": [], "summary": {"covered_lines": 0, "num_statements": 0, "percent_covered": 100.0, "percent_covered_display": "100", "missing_lines": 0, "excluded_lines": 0, "percent_statements_covered": 100.0, "percent_statements_covered_display": "100"}, "missing_lines": [], "excluded_lines": [], "start_line": 1}}}, "app/workers/payment_worker.py": {"executed_lines": [2, 3, 4, 5, 6, 7, 9, 10, 11, 12, 13, 15, 17, 19, 31, 32, 34, 36, 37, 38], "summary": {"covered_lines": 20, "num_statements": 102, "percent_covered": 19.607843137254903, "percent_covered_display": "20", "missing_lines": 82, "excluded_lines": 0, "percent_statements_covered": 19.607843137254903, "percent_statements_covered_display": "20"}, "missing_lines": [35, 41, 61, 63, 64, 66, 71, 76, 81, 83, 84, 86, 87, 88, 93, 94, 99, 101, 102, 103, 106, 109, 110, 112, 115, 122, 123, 124, 126, 127, 129, 130, 131, 132, 134, 135, 138, 141, 145, 146, 148, 150, 151, 154, 156, 159, 160, 163, 168, 170, 171, 172, 173, 174, 175, 176, 177, 178, 182, 184, 185, 186, 188, 189, 190, 191, 192, 193, 194, 195, 196, 197, 198, 199, 202, 204, 209, 210, 211, 212, 215, 216], "excluded_lines": [], "functions": {"get_redis_client": {"executed_lines": [19], "summary": {"covered_lines": 1, "num_statements": 1, "percent_covered": 100.0, "percent_covered_display": "100", "missing_lines": 0, "excluded_lines": 0, "percent_statements_covered": 100.0, "percent_statements_covered_display": "100"}, "missing_lines": [], "excluded_lines": [], "start_line": 17}, "process_payment_with_retry": {"executed_lines": [], "summary": {"covered_lines": 0, "num_statements": 22, "percent_covered": 0.0, "percent_covered_display": "0", "missing_lines": 22, "excluded_lines": 0, "percent_statements_covered": 0.0, "percent_statements_covered_display": "0"}, "missing_lines": [61, 63, 64, 66, 71, 76, 81, 83, 84, 86, 87, 88, 93, 94, 99, 101, 102, 103, 106, 109, 110, 112], "excluded_lines": [], "start_line": 41}, "process_order_from_queue": {"executed_lines": [], "summary": {"covered_lines": 0, "num_statements": 18, "percent_covered": 0.0, "percent_covered_display": "0", "missing_lines": 18, "excluded_lines": 0, "percent_statements_covered": 0.0, "percent_statements_covered_display": "0"}, "missing_lines": [122, 123, 124, 126, 127, 129, 130, 131, 132, 134, 135, 138, 141, 145, 146, 148, 150, 151], "excluded_lines": [], "start_line": 115}, "worker_loop": {"executed_lines": [], "summary": {"covered_lines": 0, "num_statements": 30, "percent_covered": 0.0, "percent_covered_display": "0", "missing_lines": 30, "excluded_lines": 0, "percent_statements_covered": 0.0, "percent_statements_covered_display": "0"}, "missing_lines": [156, 159, 160, 163, 168, 170, 171, 172, 173, 174, 175, 176, 177, 178, 182, 184, 185, 186, 188, 189, 190, 191, 192, 193, 194, 195, 196, 197, 198, 199], "excluded_lines": [], "start_line": 154}, "main": {"executed_lines": [], "summary": {"covered_lines": 0, "num_statements": 5, "percent_covered": 0.0, "percent_covered_display": "0", "missing_lines": 5, "excluded_lines": 0, "percent_statements_covered": 0.0, "percent_statements_covered_display": "0"}, "missing_lines": [204, 209, 210, 211, 212], "excluded_lines": [], "start_line": 202}, "": {"executed_lines": [2, 3, 4, 5, 6, 7, 9, 10, 11, 12, 13, 15, 17, 31, 32, 34, 36, 37, 38], "summary": {"covered_lines": 19, "num_statements": 26, "percent_covered": 73.07692307692308, "percent_covered_display": "73", "missing_lines": 7, "excluded_lines": 0, "percent_statements_covered": 73.07692307692308, "percent_statements_covered_display": "73"}, "missing_lines": [35, 41, 115, 154, 202, 215, 216], "excluded_lines": [], "start_line": 1}}, "classes": {"": {"executed_lines": [2, 3, 4, 5, 6, 7, 9, 10, 11, 12, 13, 15, 17, 19, 31, 32, 34, 36, 37, 38], "summary": {"covered_lines": 20, "num_statements": 102, "percent_covered": 19.607843137254903, "percent_covered_display": "20", "missing_lines": 82, "excluded_lines": 0, "percent_statements_covered": 19.607843137254903, "percent_statements_covered_display": "20"}, "missing_lines": [35, 41, 61, 63, 64, 66, 71, 76, 81, 83, 84, 86, 87, 88, 93, 94, 99, 101, 102, 103, 106, 109, 110, 112, 115, 122, 123, 124, 126, 127, 129, 130, 131, 132, 134, 135, 138, 141, 145, 146, 148, 150, 151, 154, 156, 159, 160, 163, 168, 170, 171, 172, 173, 174, 175, 176, 177, 178, 182, 184, 185, 186, 188, 189, 190, 191, 192, 193, 194, 195, 196, 197, 198, 199, 202, 204, 209, 210, 211, 212, 215, 216], "excluded_lines": [], "start_line": 1}}}}, "totals": {"covered_lines": 253, "num_statements": 506, "percent_covered": 50.0, "percent_covered_display": "50", "missing_lines": 253, "excluded_lines": 0, "percent_statements_covered": 50.0, "percent_statements_covered_display": "50"}}