{"meta": {"format": 3, "version": "7.13.1", "timestamp": "2026-01-05T14:07:54.717183", "branch_coverage": false, "show_contexts": false}, "files": {"app/__init__.py": {"executed_lines": [], "summary": {"covered_lines": 0, "num_statements": 0, "percent_covered": 100.0, "percent_covered_display": "100", "missing_lines": 0, "excluded_lines": 0, "percent_statements_covered": 100.0, "percent_statements_covered_display": "100"}, "missing_lines": [], "excluded_lines": [], "functions": {"": {"executed_lines": [], "summary": {"covered_lines": 0, "num_statements": 0, "percent_covered": 100.0, "percent_covered_display": "100", "missing_lines": 0, "excluded_lines": 0, "percent_statements_covered": 100.0, "percent_statements_covered_display": "100"}, "missing_lines": [], "excluded_lines": [], "start_line": 1}}, "classes": {"": {"executed_lines": [], "summary": {"covered_lines": 0, "num_statements": 0, "percent_covered": 100.0, "percent_covered_display": "100", "missing_lines": 0, "excluded_lines": 0, "percent_statements_covered": 100.0, "percent_statements_covered_display": "100"}, "missing_lines": [], "excluded_lines": [], "start_line": 1}}}, "app/api/__init__.py": {"executed_lines": [], "summary": {"covered_lines": 0, "num_statements": 0, "percent_covered": 100.0, "percent_covered_display": "100", "missing_lines": 0, "excluded_lines": 0, "percent_statements_covered": 100.0, "percent_statements_covered_display": "100"}, "missing_lines": [], "excluded_lines": [], "functions": {"": {"executed_lines": [], "summary": {"covered_lines": 0, "num_statements": 0, "percent_covered": 100.0, "percent_covered_display": "100", "missing_lines": 0, "excluded_lines": 0, "percent_statements_covered": 100.0, "percent_statements_covered_display": "100"}, "missing_lines": [], "excluded_lines": [], "start_line": 1}}, "classes": {"": {"executed_lines": [], "summary": {"covered_lines": 0, "num_statements": 0, "percent_covered": 100.0, "percent_covered_display": "100", "missing_lines": 0, "excluded_lines": 0, "percent_statements_covered": 100.0, "percent_statements_covered_display": "100"}, "missing_lines": [], "excluded_lines": [], "start_line": 1}}}, "app/api/routes/__init__.py": {"executed_lines": [], "summary": {"covered_lines": 0, "num_statements": 0, "percent_covered": 100.0, "percent_covered_display": "100", "missing_lines": 0, "excluded_lines": 0, "percent_statements_covered": 100.0, "percent_statements_covered_display": "100"}, "missing_lines": [], "excluded_lines": [], "functions": {"": {"executed_lines": [], "summary": {"covered_lines": 0, "num_statements": 0, "percent_covered": 100.0, "percent_covered_display": "100", "missing_lines": 0, "excluded_lines": 0, "percent_statements_covered": 100.0, "percent_statements_covered_display": "100"}, "missing_lines": [], "excluded_lines": [], "start_line": 1}}, "classes": {"": {"executed_lines": [], "summary": {"covered_lines": 0, "num_statements": 0, "percent_covered": 100.0, "percent_covered_display": "100", "missing_lines": 0, "excluded_lines": 0, "percent_statements_covered": 100.0, "percent_statements_covered_display": "100"}, "missing_lines": [], "excluded_lines": [], "start_line": 1}}}, "app/api/routes/restaurants.py": {"executed_lines": [2, 3, 4, 5, 7, 8, 14, 15, 17, 19, 22, 23, 38, 56, 57, 66, 77, 78, 89, 107, 108, 118, 129, 130, 141, 170, 175, 207, 212, 248, 253], "summary": {"covered_lines": 31, "num_statements": 66, "percent_covered": 46.96969696969697, "percent_covered_display": "47", "missing_lines": 35, "excluded_lines": 0, "percent_statements_covered": 46.96969696969697, "percent_statements_covered_display": "47"}, "missing_lines": [48, 68, 69, 74, 90, 91, 96, 98, 99, 104, 120, 121, 126, 142, 143, 148, 149, 150, 155, 156, 157, 162, 186, 193, 194, 199, 224, 232, 233, 238, 265, 274, 280, 281, 286], "excluded_lines": [], "functions": {"list_restaurants": {"executed_lines": [38], "summary": {"covered_lines": 1, "num_statements": 2, "percent_covered": 50.0, "percent_covered_display": "50", "missing_lines": 1, "excluded_lines": 0, "percent_statements_covered": 50.0, "percent_statements_covered_display": "50"}, "missing_lines": [48], "excluded_lines": [], "start_line": 23}, "get_restaurant": {"executed_lines": [66], "summary": {"covered_lines": 1, "num_statements": 4, "percent_covered": 25.0, "percent_covered_display": "25", "missing_lines": 3, "excluded_lines": 0, "percent_statements_covered": 25.0, "percent_statements_covered_display": "25"}, "missing_lines": [68, 69, 74], "excluded_lines": [], "start_line": 57}, "get_menu": {"executed_lines": [89], "summary": {"covered_lines": 1, "num_statements": 7, "percent_covered": 14.285714285714286, "percent_covered_display": "14", "missing_lines": 6, "excluded_lines": 0, "percent_statements_covered": 14.285714285714286, "percent_statements_covered_display": "14"}, "missing_lines": [90, 91, 96, 98, 99, 104], "excluded_lines": [], "start_line": 78}, "get_status": {"executed_lines": [118], "summary": {"covered_lines": 1, "num_statements": 4, "percent_covered": 25.0, "percent_covered_display": "25", "missing_lines": 3, "excluded_lines": 0, "percent_statements_covered": 25.0, "percent_statements_covered_display": "25"}, "missing_lines": [120, 121, 126], "excluded_lines": [], "start_line": 108}, "get_menu_with_status": {"executed_lines": [141], "summary": {"covered_lines": 1, "num_statements": 10, "percent_covered": 10.0, "percent_covered_display": "10", "missing_lines": 9, "excluded_lines": 0, "percent_statements_covered": 10.0, "percent_statements_covered_display": "10"}, "missing_lines": [142, 143, 148, 149, 150, 155, 156, 157, 162], "excluded_lines": [], "start_line": 130}, "update_restaurant_status": {"executed_lines": [], "summary": {"covered_lines": 0, "num_statements": 4, "percent_covered": 0.0, "percent_covered_display": "0", "missing_lines": 4, "excluded_lines": 0, "percent_statements_covered": 0.0, "percent_statements_covered_display": "0"}, "missing_lines": [186, 193, 194, 199], "excluded_lines": [], "start_line": 175}, "update_menu_item_availability": {"executed_lines": [], "summary": {"covered_lines": 0, "num_statements": 4, "percent_covered": 0.0, "percent_covered_display": "0", "missing_lines": 4, "excluded_lines": 0, "percent_statements_covered": 0.0, "percent_statements_covered_display": "0"}, "missing_lines": [224, 232, 233, 238], "excluded_lines": [], "start_line": 212}, "update_menu_items_availability": {"executed_lines": [], "summary": {"covered_lines": 0, "num_statements": 5, "percent_covered": 0.0, "percent_covered_display": "0", "missing_lines": 5, "excluded_lines": 0, "percent_statements_covered": 0.0, "percent_statements_covered_display": "0"}, "missing_lines": [265, 274, 280, 281, 286], "excluded_lines": [], "start_line": 253}, "": {"executed_lines": [2, 3, 4, 5, 7, 8, 14, 15, 17, 19, 22, 23, 56, 57, 77, 78, 107, 108, 129, 130, 170, 175, 207, 212, 248, 253], "summary": {"covered_lines": 26, "num_statements": 26, "percent_covered": 100.0, "percent_covered_display": "100", "missing_lines": 0, "excluded_lines": 0, "percent_statements_covered": 100.0, "percent_statements_covered_display": "100"}, "missing_lines": [], "excluded_lines": [], "start_line": 1}}, "classes": {"": {"executed_lines": [2, 3, 4, 5, 7, 8, 14, 15, 17, 19, 22, 23, 38, 56, 57, 66, 77, 78, 89, 107, 108, 118, 129, 130, 141, 170, 175, 207, 212, 248, 253], "summary": {"covered_lines": 31, "num_statements": 66, "percent_covered": 46.96969696969697, "percent_covered_display": "47", "missing_lines": 35, "excluded_lines": 0, "percent_statements_covered": 46.96969696969697, "percent_statements_covered_display": "47"}, "missing_lines": [48, 68, 69, 74, 90, 91, 96, 98, 99, 104, 120, 121, 126, 142, 143, 148, 149, 150, 155, 156, 157, 162, 186, 193, 194, 199, 224, 232, 233, 238, 265, 274, 280, 281, 286], "excluded_lines": [], "start_line": 1}}}, "app/core/__init__.py": {"executed_lines": [], "summary": {"covered_lines": 0, "num_statements": 0, "percent_covered": 100.0, "percent_covered_display": "100", "missing_lines": 0, "excluded_lines": 0, "percent_statements_covered": 100.0, "percent_statements_covered_display": "100"}, "missing_lines": [], "excluded_lines": [], "functions": {"": {"executed_lines": [], "summary": {"covered_lines": 0, "num_statements": 0, "percent_covered": 100.0, "percent_covered_display": "100", "missing_lines": 0, "excluded_lines": 0, "percent_statements_covered": 100.0, "percent_statements_covered_display": "100"}, "missing_lines": [], "excluded_lines": [], "start_line": 1}}, "classes": {"": {"executed_lines": [], "summary": {"covered_lines": 0, "num_statements": 0, "percent_covered": 100.0, "percent_covered_display": "100", "missing_lines": 0, "excluded_lines": 0, "percent_statements_covered": 100.0, "percent_statements_covered_display": "100"}, "missing_lines": [], "excluded_lines": [], "start_line": 1}}}, "app/core/cache.py": {"executed_lines": [2, 3, 4, 5, 6, 7, 9, 12, 15, 17, 18, 20, 22, 23, 34, 36, 37, 38, 40, 44, 55, 56, 68, 87, 88, 109, 120, 121, 132, 154, 164, 166, 178, 215, 227], "summary": {"covered_lines": 35, "num_statements": 94, "percent_covered": 37.234042553191486, "percent_covered_display": "37", "missing_lines": 59, "excluded_lines": 0, "percent_statements_covered": 37.234042553191486, "percent_statements_covered_display": "37"}, "missing_lines": [35, 42, 58, 59, 60, 61, 62, 63, 64, 65, 66, 90, 91, 94, 95, 100, 102, 103, 104, 105, 106, 107, 123, 124, 125, 126, 127, 128, 129, 130, 143, 150, 151, 152, 176, 193, 194, 196, 197, 198, 200, 201, 202, 203, 204, 205, 206, 208, 210, 211, 212, 213, 217, 218, 219, 220, 221, 222, 223], "excluded_lines": [], "functions": {"CacheService.__init__": {"executed_lines": [17, 18], "summary": {"covered_lines": 2, "num_statements": 2, "percent_covered": 100.0, "percent_covered_display": "100", "missing_lines": 0, "excluded_lines": 0, "percent_statements_covered": 100.0, "percent_statements_covered_display": "100"}, "missing_lines": [], "excluded_lines": [], "start_line": 15}, "CacheService._connect": {"executed_lines": [22, 23, 34, 36, 37, 38], "summary": {"covered_lines": 6, "num_statements": 7, "percent_covered": 85.71428571428571, "percent_covered_display": "86", "missing_lines": 1, "excluded_lines": 0, "percent_statements_covered": 85.71428571428571, "percent_statements_covered_display": "86"}, "missing_lines": [35], "excluded_lines": [], "start_line": 20}, "CacheService._get_key": {"executed_lines": [], "summary": {"covered_lines": 0, "num_statements": 1, "percent_covered": 0.0, "percent_covered_display": "0", "missing_lines": 1, "excluded_lines": 0, "percent_statements_covered": 0.0, "percent_statements_covered_display": "0"}, "missing_lines": [42], "excluded_lines": [], "start_line": 40}, "CacheService.get": {"executed_lines": [55, 56], "summary": {"covered_lines": 2, "num_statements": 11, "percent_covered": 18.181818181818183, "percent_covered_display": "18", "missing_lines": 9, "excluded_lines": 0, "percent_statements_covered": 18.181818181818183, "percent_statements_covered_display": "18"}, "missing_lines": [58, 59, 60, 61, 62, 63, 64, 65, 66], "excluded_lines": [], "start_line": 44}, "CacheService.set": {"executed_lines": [87, 88], "summary": {"covered_lines": 2, "num_statements": 13, "percent_covered": 15.384615384615385, "percent_covered_display": "15", "missing_lines": 11, "excluded_lines": 0, "percent_statements_covered": 15.384615384615385, "percent_statements_covered_display": "15"}, "missing_lines": [90, 91, 94, 95, 100, 102, 103, 104, 105, 106, 107], "excluded_lines": [], "start_line": 68}, "CacheService.delete": {"executed_lines": [120, 121], "summary": {"covered_lines": 2, "num_statements": 10, "percent_covered": 20.0, "percent_covered_display": "20", "missing_lines": 8, "excluded_lines": 0, "percent_statements_covered": 20.0, "percent_statements_covered_display": "20"}, "missing_lines": [123, 124, 125, 126, 127, 128, 129, 130], "excluded_lines": [], "start_line": 109}, "CacheService.invalidate_restaurant": {"executed_lines": [], "summary": {"covered_lines": 0, "num_statements": 4, "percent_covered": 0.0, "percent_covered_display": "0", "missing_lines": 4, "excluded_lines": 0, "percent_statements_covered": 0.0, "percent_statements_covered_display": "0"}, "missing_lines": [143, 150, 151, 152], "excluded_lines": [], "start_line": 132}, "CacheService.invalidate_menu": {"executed_lines": [164], "summary": {"covered_lines": 1, "num_statements": 1, "percent_covered": 100.0, "percent_covered_display": "100", "missing_lines": 0, "excluded_lines": 0, "percent_statements_covered": 100.0, "percent_statements_covered_display": "100"}, "missing_lines": [], "excluded_lines": [], "start_line": 154}, "CacheService.invalidate_status": {"executed_lines": [], "summary": {"covered_lines": 0, "num_statements": 1, "percent_covered": 0.0, "percent_covered_display": "0", "missing_lines": 1, "excluded_lines": 0, "percent_statements_covered": 0.0, "percent_statements_covered_display": "0"}, "missing_lines": [176], "excluded_lines": [], "start_line": 166}, "CacheService.get_multi": {"executed_lines": [], "summary": {"covered_lines": 0, "num_statements": 17, "percent_covered": 0.0, "percent_covered_display": "0", "missing_lines": 17, "excluded_lines": 0, "percent_statements_covered": 0.0, "percent_statements_covered_display": "0"}, "missing_lines": [193, 194, 196, 197, 198, 200, 201, 202, 203, 204, 205, 206, 208, 210, 211, 212, 213], "excluded_lines": [], "start_line": 178}, "CacheService.is_available": {"executed_lines": [], "summary": {"covered_lines": 0, "num_statements": 7, "percent_covered": 0.0, "percent_covered_display": "0", "missing_lines": 7, "excluded_lines": 0, "percent_statements_covered": 0.0, "percent_statements_covered_display": "0"}, "missing_lines": [217, 218, 219, 220, 221, 222, 223], "excluded_lines": [], "start_line": 215}, "": {"executed_lines": [2, 3, 4, 5, 6, 7, 9, 12, 15, 20, 40, 44, 68, 109, 132, 154, 166, 178, 215, 227], "summary": {"covered_lines": 20, "num_statements": 20, "percent_covered": 100.0, "percent_covered_display": "100", "missing_lines": 0, "excluded_lines": 0, "percent_statements_covered": 100.0, "percent_statements_covered_display": "100"}, "missing_lines": [], "excluded_lines": [], "start_line": 1}}, "classes": {"CacheService": {"executed_lines": [17, 18, 22, 23, 34, 36, 37, 38, 55, 56, 87, 88, 120, 121, 164], "summary": {"covered_lines": 15, "num_statements": 74, "percent_covered": 20.27027027027027, "percent_covered_display": "20", "missing_lines": 59, "excluded_lines": 0, "percent_statements_covered": 20.27027027027027, "percent_statements_covered_display": "20"}, "missing_lines": [35, 42, 58, 59, 60, 61, 62, 63, 64, 65, 66, 90, 91, 94, 95, 100, 102, 103, 104, 105, 106, 107, 123, 124, 125, 126, 127, 128, 129, 130, 143, 150, 151, 152, 176, 193, 194, 196, 197, 198, 200, 201, 202, 203, 204, 205, 206, 208, 210, 211, 212, 213, 217, 218, 219, 220, 221, 222, 223], "excluded_lines": [], "start_line": 12}, "": {"executed_lines": [2, 3, 4, 5, 6, 7, 9, 12, 15, 20, 40, 44, 68, 109, 132, 154, 166, 178, 215, 227], "summary": {"covered_lines": 20, "num_statements": 20, "percent_covered": 100.0, "percent_covered_display": "100", "missing_lines": 0, "excluded_lines": 0, "percent_statements_covered": 100.0, "percent_statements_covered_display": "100"}, "missing_lines": [], "excluded_lines": [], "start_line": 1}}}, "app/core/config.py": {"executed_lines": [2, 3, 6, 10, 11, 12, 15, 18, 19, 20, 21, 24, 25, 26, 27, 30, 31, 32, 35, 36, 39, 41, 42, 43, 46], "summary": {"covered_lines": 25, "num_statements": 25, "percent_covered": 100.0, "percent_covered_display": "100", "missing_lines": 0, "excluded_lines": 0, "percent_statements_covered": 100.0, "percent_statements_covered_display": "100"}, "missing_lines": [], "excluded_lines": [], "functions": {"": {"executed_lines": [2, 3, 6, 10, 11, 12, 15, 18, 19, 20, 21, 24, 25, 26, 27, 30, 31, 32, 35, 36, 39, 41, 42, 43, 46], "summary": {"covered_lines": 25, "num_statements": 25, "percent_covered": 100.0, "percent_covered_display": "100", "missing_lines": 0, "excluded_lines": 0, "percent_statements_covered": 100.0, "percent_statements_covered_display": "100"}, "missing_lines": [], "excluded_lines": [], "start_line": 1}}, "classes": {"Settings": {"executed_lines": [], "summary": {"covered_lines": 0, "num_statements": 0, "percent_covered": 100.0, "percent_covered_display": "100", "missing_lines": 0, "excluded_lines": 0, "percent_statements_covered": 100.0, "percent_statements_covered_display": "100"}, "missing_lines": [], "excluded_lines": [], "start_line": 6}, "Settings.Config": {"executed_lines": [], "summary": {"covered_lines": 0, "num_statements": 0, "percent_covered": 100.0, "percent_covered_display": "100", "missing_lines": 0, "excluded_lines": 0, "percent_statements_covered": 100.0, "percent_statements_covered_display": "100"}, "missing_lines": [], "excluded_lines": [], "start_line": 41}, "": {"executed_lines": [2, 3, 6, 10, 11, 12, 15, 18, 19, 20, 21, 24, 25, 26, 27, 30, 31, 32, 35, 36, 39, 41, 42, 43, 46], "summary": {"covered_lines": 25, "num_statements": 25, "percent_covered": 100.0, "percent_covered_display": "100", "missing_lines": 0, "excluded_lines": 0, "percent_statements_covered": 100.0, "percent_statements_covered_display": "100"}, "missing_lines": [], "excluded_lines": [], "start_line": 1}}}, "app/core/database.py": {"executed_lines": [2, 3, 4, 7, 16, 25, 28, 37], "summary": {"covered_lines": 8, "num_statements": 14, "percent_covered": 57.142857142857146, "percent_covered_display": "57", "missing_lines": 6, "excluded_lines": 0, "percent_statements_covered": 57.142857142857146, "percent_statements_covered_display": "57"}, "missing_lines": [30, 31, 32, 34, 39, 40], "excluded_lines": [], "functions": {"get_db": {"executed_lines": [], "summary": {"covered_lines": 0, "num_statements": 4, "percent_covered": 0.0, "percent_covered_display": "0", "missing_lines": 4, "excluded_lines": 0, "percent_statements_covered": 0.0, "percent_statements_covered_display": "0"}, "missing_lines": [30, 31, 32, 34], "excluded_lines": [], "start_line": 28}, "init_db": {"executed_lines": [], "summary": {"covered_lines": 0, "num_statements": 2, "percent_covered": 0.0, "percent_covered_display": "0", "missing_lines": 2, "excluded_lines": 0, "percent_statements_covered": 0.0, "percent_statements_covered_display": "0"}, "missing_lines": [39, 40], "excluded_lines": [], "start_line": 37}, "": {"executed_lines": [2, 3, 4, 7, 16, 25, 28, 37], "summary": {"covered_lines": 8, "num_statements": 8, "percent_covered": 100.0, "percent_covered_display": "100", "missing_lines": 0, "excluded_lines": 0, "percent_statements_covered": 100.0, "percent_statements_covered_display": "100"}, "missing_lines": [], "excluded_lines": [], "start_line": 1}}, "classes": {"": {"executed_lines": [2, 3, 4, 7, 16, 25, 28, 37], "summary": {"covered_lines": 8, "num_statements": 14, "percent_covered": 57.142857142857146, "percent_covered_display": "57", "missing_lines": 6, "excluded_lines": 0, "percent_statements_covered": 57.142857142857146, "percent_statements_covered_display": "57"}, "missing_lines": [30, 31, 32, 34, 39, 40], "excluded_lines": [], "start_line": 1}}}, "app/main.py": {"executed_lines": [2, 3, 4, 5, 7, 8, 9, 12, 17, 20, 27, 36, 37, 40, 43, 44, 61, 62, 75, 76], "summary": {"covered_lines": 20, "num_statements": 34, "percent_covered": 58.8235294117647, "percent_covered_display": "59", "missing_lines": 14, "excluded_lines": 0, "percent_statements_covered": 58.8235294117647, "percent_statements_covered_display": "59"}, "missing_lines": [46, 47, 48, 49, 50, 51, 54, 55, 56, 58, 64, 66, 68, 78], "excluded_lines": [], "functions": {"startup_event": {"executed_lines": [], "summary": {"covered_lines": 0, "num_statements": 10, "percent_covered": 0.0, "percent_covered_display": "0", "missing_lines": 10, "excluded_lines": 0, "percent_statements_covered": 0.0, "percent_statements_covered_display": "0"}, "missing_lines": [46, 47, 48, 49, 50, 51, 54, 55, 56, 58], "excluded_lines": [], "start_line": 44}, "health_check": {"executed_lines": [], "summary": {"covered_lines": 0, "num_statements": 3, "percent_covered": 0.0, "percent_covered_display": "0", "missing_lines": 3, "excluded_lines": 0, "percent_statements_covered": 0.0, "percent_statements_covered_display": "0"}, "missing_lines": [64, 66, 68], "excluded_lines": [], "start_line": 62}, "root": {"executed_lines": [], "summary": {"covered_lines": 0, "num_statements": 1, "percent_covered": 0.0, "percent_covered_display": "0", "missing_lines": 1, "excluded_lines": 0, "percent_statements_covered": 0.0, "percent_statements_covered_display": "0"}, "missing_lines": [78], "excluded_lines": [], "start_line": 76}, "": {"executed_lines": [2, 3, 4, 5, 7, 8, 9, 12, 17, 20, 27, 36, 37, 40, 43, 44, 61, 62, 75, 76], "summary": {"covered_lines": 20, "num_statements": 20, "percent_covered": 100.0, "percent_covered_display": "100", "missing_lines": 0, "excluded_lines": 0, "percent_statements_covered": 100.0, "percent_statements_covered_display": "100"}, "missing_lines": [], "excluded_lines": [], "start_line": 1}}, "classes": {"": {"executed_lines": [2, 3, 4, 5, 7, 8, 9, 12, 17, 20, 27, 36, 37, 40, 43, 44, 61, 62, 75, 76], "summary": {"covered_lines": 20, "num_statements": 34, "percent_covered": 58.8235294117647, "percent_covered_display": "59", "missing_lines": 14, "excluded_lines": 0, "percent_statements_covered": 58.8235294117647, "percent_statements_covered_display": "59"}, "missing_lines": [46, 47, 48, 49, 50, 51, 54, 55, 56, 58, 64, 66, 68, 78], "excluded_lines": [], "start_line": 1}}}, "app/models/__init__.py": {"executed_lines": [], "summary": {"covered_lines": 0, "num_statements": 0, "percent_covered": 100.0, "percent_covered_display": "100", "missing_lines": 0, "excluded_lines": 0, "percent_statements_covered": 100.0, "percent_statements_covered_display": "100"}, "missing_lines": [], "excluded_lines": [], "functions": {"": {"executed_lines": [], "summary": {"covered_lines": 0, "num_statements": 0, "percent_covered": 100.0, "percent_covered_display": "100", "missing_lines": 0, "excluded_lines": 0, "percent_statements_covered": 100.0, "percent_statements_covered_display": "100"}, "missing_lines": [], "excluded_lines": [], "start_line": 1}}, "classes": {"": {"executed_lines": [], "summary": {"covered_lines": 0, "num_statements": 0, "percent_covered": 100.0, "percent_covered_display": "100", "missing_lines": 0, "excluded_lines": 0, "percent_statements_covered": 100.0, "percent_statements_covered_display": "100"}, "missing_lines": [], "excluded_lines": [], "start_line": 1}}}, "app/models/restaurant.py": {"executed_lines": [2, 3, 4, 5, 6, 7, 10, 12, 13, 14, 15, 18, 20, 21, 22, 23, 24, 25, 26, 27, 28, 31, 33, 35, 36, 37, 38, 41, 42, 43, 44, 45, 46, 49, 50, 51, 52, 55, 56, 59, 62, 63, 66, 69, 75, 79, 81, 83, 84, 85, 88, 89, 91, 95, 97, 99, 100, 101, 102, 103, 106, 107, 109, 113, 115, 117, 118, 119, 120, 121, 122, 125, 126, 129, 132, 133, 136, 137, 140, 143, 147], "summary": {"covered_lines": 81, "num_statements": 85, "percent_covered": 95.29411764705883, "percent_covered_display": "95", "missing_lines": 4, "excluded_lines": 0, "percent_statements_covered": 95.29411764705883, "percent_statements_covered_display": "95"}, "missing_lines": [76, 92, 110, 148], "excluded_lines": [], "functions": {"Restaurant.__repr__": {"executed_lines": [], "summary": {"covered_lines": 0, "num_statements": 1, "percent_covered": 0.0, "percent_covered_display": "0", "missing_lines": 1, "excluded_lines": 0, "percent_statements_covered": 0.0, "percent_statements_covered_display": "0"}, "missing_lines": [76], "excluded_lines": [], "start_line": 75}, "Menu.__repr__": {"executed_lines": [], "summary": {"covered_lines": 0, "num_statements": 1, "percent_covered": 0.0, "percent_covered_display": "0", "missing_lines": 1, "excluded_lines": 0, "percent_statements_covered": 0.0, "percent_statements_covered_display": "0"}, "missing_lines": [92], "excluded_lines": [], "start_line": 91}, "MenuCategory.__repr__": {"executed_lines": [], "summary": {"covered_lines": 0, "num_statements": 1, "percent_covered": 0.0, "percent_covered_display": "0", "missing_lines": 1, "excluded_lines": 0, "percent_statements_covered": 0.0, "percent_statements_covered_display": "0"}, "missing_lines": [110], "excluded_lines": [], "start_line": 109}, "MenuItem.__repr__": {"executed_lines": [], "summary": {"covered_lines": 0, "num_statements": 1, "percent_covered": 0.0, "percent_covered_display": "0", "missing_lines": 1, "excluded_lines": 0, "percent_statements_covered": 0.0, "percent_statements_covered_display": "0"}, "missing_lines": [148], "excluded_lines": [], "start_line": 147}, "": {"executed_lines": [2, 3, 4, 5, 6, 7, 10, 12, 13, 14, 15, 18, 20, 21, 22, 23, 24, 25, 26, 27, 28, 31, 33, 35, 36, 37, 38, 41, 42, 43, 44, 45, 46, 49, 50, 51, 52, 55, 56, 59, 62, 63, 66, 69, 75, 79, 81, 83, 84, 85, 88, 89, 91, 95, 97, 99, 100, 101, 102, 103, 106, 107, 109, 113, 115, 117, 118, 119, 120, 121, 122, 125, 126, 129, 132, 133, 136, 137, 140, 143, 147], "summary": {"covered_lines": 81, "num_statements": 81, "percent_covered": 100.0, "percent_covered_display": "100", "missing_lines": 0, "excluded_lines": 0, "percent_statements_covered": 100.0, "percent_statements_covered_display": "100"}, "missing_lines": [], "excluded_lines": [], "start_line": 1}}, "classes": {"RestaurantStatus": {"executed_lines": [], "summary": {"covered_lines": 0, "num_statements": 0, "percent_covered": 100.0, "percent_covered_display": "100", "missing_lines": 0, "excluded_lines": 0, "percent_statements_covered": 100.0, "percent_statements_covered_display": "100"}, "missing_lines": [], "excluded_lines": [], "start_line": 10}, "CuisineType": {"executed_lines": [], "summary": {"covered_lines": 0, "num_statements": 0, "percent_covered": 100.0, "percent_covered_display": "100", "missing_lines": 0, "excluded_lines": 0, "percent_statements_covered": 100.0, "percent_statements_covered_display": "100"}, "missing_lines": [], "excluded_lines": [], "start_line": 18}, "Restaurant": {"executed_lines": [], "summary": {"covered_lines": 0, "num_statements": 1, "percent_covered": 0.0, "percent_covered_display": "0", "missing_lines": 1, "excluded_lines": 0, "percent_statements_covered": 0.0, "percent_statements_covered_display": "0"}, "missing_lines": [76], "excluded_lines": [], "start_line": 31}, "Menu": {"executed_lines": [], "summary": {"covered_lines": 0, "num_statements": 1, "percent_covered": 0.0, "percent_covered_display": "0", "missing_lines": 1, "excluded_lines": 0, "percent_statements_covered": 0.0, "percent_statements_covered_display": "0"}, "missing_lines": [92], "excluded_lines": [], "start_line": 79}, "MenuCategory": {"executed_lines": [], "summary": {"covered_lines": 0, "num_statements": 1, "percent_covered": 0.0, "percent_covered_display": "0", "missing_lines": 1, "excluded_lines": 0, "percent_statements_covered": 0.0, "percent_statements_covered_display": "0"}, "missing_lines": [110], "excluded_lines": [], "start_line": 95}, "MenuItem": {"executed_lines": [], "summary": {"covered_lines": 0, "num_statements": 1, "percent_covered": 0.0, "percent_covered_display": "0", "missing_lines": 1, "excluded_lines": 0, "percent_statements_covered": 0.0, "percent_statements_covered_display": "0"}, "missing_lines": [148], "excluded_lines": [], "start_line": 113}, "": {"executed_lines": [2, 3, 4, 5, 6, 7, 10, 12, 13, 14, 15, 18, 20, 21, 22, 23, 24, 25, 26, 27, 28, 31, 33, 35, 36, 37, 38, 41, 42, 43, 44, 45, 46, 49, 50, 51, 52, 55, 56, 59, 62, 63, 66, 69, 75, 79, 81, 83, 84, 85, 88, 89, 91, 95, 97, 99, 100, 101, 102, 103, 106, 107, 109, 113, 115, 117, 118, 119, 120, 121, 122, 125, 126, 129, 132, 133, 136, 137, 140, 143, 147], "summary": {"covered_lines": 81, "num_statements": 81, "percent_covered": 100.0, "percent_covered_display": "100", "missing_lines": 0, "excluded_lines": 0, "percent_statements_covered": 100.0, "percent_statements_covered_display": "100"}, "missing_lines": [], "excluded_lines": [], "start_line": 1}}}, "app/schemas/__init__.py": {"executed_lines": [], "summary": {"covered_lines": 0, "num_statements": 0, "percent_covered": 100.0, "percent_covered_display": "100", "missing_lines": 0, "excluded_lines": 0, "percent_statements_covered": 100.0, "percent_statements_covered_display": "100"}, "missing_lines": [], "excluded_lines": [], "functions": {"": {"executed_lines": [], "summary": {"covered_lines": 0, "num_statements": 0, "percent_covered": 100.0, "percent_covered_display": "100", "missing_lines": 0, "excluded_lines": 0, "percent_statements_covered": 100.0, "percent_statements_covered_display": "100"}, "missing_lines": [], "excluded_lines": [], "start_line": 1}}, "classes": {"": {"executed_lines": [], "summary": {"covered_lines": 0, "num_statements": 0, "percent_covered": 100.0, "percent_covered_display": "100", "missing_lines": 0, "excluded_lines": 0, "percent_statements_covered": 100.0, "percent_statements_covered_display": "100"}, "missing_lines": [], "excluded_lines": [], "start_line": 1}}}, "app/schemas/restaurant.py": {"executed_lines": [2, 3, 4, 5, 9, 11, 12, 13, 14, 15, 16, 17, 18, 19, 20, 21, 24, 26, 27, 28, 29, 30, 31, 32, 33, 34, 35, 36, 37, 38, 39, 40, 41, 42, 43, 44, 46, 47, 50, 52, 53, 54, 55, 58, 60, 61, 62, 63, 64, 68, 70, 71, 72, 73, 74, 75, 76, 77, 78, 80, 81, 84, 86, 87, 88, 89, 90, 92, 93, 96, 98, 99, 100, 102, 103, 106, 108, 109, 110, 114, 116, 117, 120, 122, 123, 124, 127, 129, 132, 134, 135, 136, 137, 140, 142, 143, 144, 145, 146, 147], "summary": {"covered_lines": 100, "num_statements": 100, "percent_covered": 100.0, "percent_covered_display": "100", "missing_lines": 0, "excluded_lines": 0, "percent_statements_covered": 100.0, "percent_statements_covered_display": "100"}, "missing_lines": [], "excluded_lines": [], "functions": {"": {"executed_lines": [2, 3, 4, 5, 9, 11, 12, 13, 14, 15, 16, 17, 18, 19, 20, 21, 24, 26, 27, 28, 29, 30, 31, 32, 33, 34, 35, 36, 37, 38, 39, 40, 41, 42, 43, 44, 46, 47, 50, 52, 53, 54, 55, 58, 60, 61, 62, 63, 64, 68, 70, 71, 72, 73, 74, 75, 76, 77, 78, 80, 81, 84, 86, 87, 88, 89, 90, 92, 93, 96, 98, 99, 100, 102, 103, 106, 108, 109, 110, 114, 116, 117, 120, 122, 123, 124, 127, 129, 132, 134, 135, 136, 137, 140, 142, 143, 144, 145, 146, 147], "summary": {"covered_lines": 100, "num_statements": 100, "percent_covered": 100.0, "percent_covered_display": "100", "missing_lines": 0, "excluded_lines": 0, "percent_statements_covered": 100.0, "percent_statements_covered_display": "100"}, "missing_lines": [], "excluded_lines": [], "start_line": 1}}, "classes": {"RestaurantBase": {"executed_lines": [], "summary": {"covered_lines": 0, "num_statements": 0, "percent_covered": 100.0, "percent_covered_display": "100", "missing_lines": 0, "excluded_lines": 0, "percent_statements_covered": 100.0, "percent_statements_covered_display": "100"}, "missing_lines": [], "excluded_lines": [], "start_line": 9}, "RestaurantResponse": {"executed_lines": [], "summary": {"covered_lines": 0, "num_statements": 0, "percent_covered": 100.0, "percent_covered_display": "100", "missing_lines": 0, "excluded_lines": 0, "percent_statements_covered": 100.0, "percent_statements_covered_display": "100"}, "missing_lines": [], "excluded_lines": [], "start_line": 24}, "RestaurantResponse.Config": {"executed_lines": [], "summary": {"covered_lines": 0, "num_statements": 0, "percent_covered": 100.0, "percent_covered_display": "100", "missing_lines": 0, "excluded_lines": 0, "percent_statements_covered": 100.0, "percent_statements_covered_display": "100"}, "missing_lines": [], "excluded_lines": [], "start_line": 46}, "RestaurantListResponse": {"executed_lines": [], "summary": {"covered_lines": 0, "num_statements": 0, "percent_covered": 100.0, "percent_covered_display": "100", "missing_lines": 0, "excluded_lines": 0, "percent_statements_covered": 100.0, "percent_statements_covered_display": "100"}, "missing_lines": [], "excluded_lines": [], "start_line": 50}, "RestaurantStatusResponse": {"executed_lines": [], "summary": {"covered_lines": 0, "num_statements": 0, "percent_covered": 100.0, "percent_covered_display": "100", "missing_lines": 0, "excluded_lines": 0, "percent_statements_covered": 100.0, "percent_statements_covered_display": "100"}, "missing_lines": [], "excluded_lines": [], "start_line": 58}, "MenuItemResponse": {"executed_lines": [], "summary": {"covered_lines": 0, "num_statements": 0, "percent_covered": 100.0, "percent_covered_display": "100", "missing_lines": 0, "excluded_lines": 0, "percent_statements_covered": 100.0, "percent_statements_covered_display": "100"}, "missing_lines": [], "excluded_lines": [], "start_line": 68}, "MenuItemResponse.Config": {"executed_lines": [], "summary": {"covered_lines": 0, "num_statements": 0, "percent_covered": 100.0, "percent_covered_display": "100", "missing_lines": 0, "excluded_lines": 0, "percent_statements_covered": 100.0, "percent_statements_covered_display": "100"}, "missing_lines": [], "excluded_lines": [], "start_line": 80}, "MenuCategoryResponse": {"executed_lines": [], "summary": {"covered_lines": 0, "num_statements": 0, "percent_covered": 100.0, "percent_covered_display": "100", "missing_lines": 0, "excluded_lines": 0, "percent_statements_covered": 100.0, "percent_statements_covered_display": "100"}, "missing_lines": [], "excluded_lines": [], "start_line": 84}, "MenuCategoryResponse.Config": {"executed_lines": [], "summary": {"covered_lines": 0, "num_statements": 0, "percent_covered": 100.0, "percent_covered_display": "100", "missing_lines": 0, "excluded_lines": 0, "percent_statements_covered": 100.0, "percent_statements_covered_display": "100"}, "missing_lines": [], "excluded_lines": [], "start_line": 92}, "MenuResponse": {"executed_lines": [], "summary": {"covered_lines": 0, "num_statements": 0, "percent_covered": 100.0, "percent_covered_display": "100", "missing_lines": 0, "excluded_lines": 0, "percent_statements_covered": 100.0, "percent_statements_covered_display": "100"}, "missing_lines": [], "excluded_lines": [], "start_line": 96}, "MenuResponse.Config": {"executed_lines": [], "summary": {"covered_lines": 0, "num_statements": 0, "percent_covered": 100.0, "percent_covered_display": "100", "missing_lines": 0, "excluded_lines": 0, "percent_statements_covered": 100.0, "percent_statements_covered_display": "100"}, "missing_lines": [], "excluded_lines": [], "start_line": 102}, "MenuWithStatusResponse": {"executed_lines": [], "summary": {"covered_lines": 0, "num_statements": 0, "percent_covered": 100.0, "percent_covered_display": "100", "missing_lines": 0, "excluded_lines": 0, "percent_statements_covered": 100.0, "percent_statements_covered_display": "100"}, "missing_lines": [], "excluded_lines": [], "start_line": 106}, "UpdateRestaurantStatusRequest": {"executed_lines": [], "summary": {"covered_lines": 0, "num_statements": 0, "percent_covered": 100.0, "percent_covered_display": "100", "missing_lines": 0, "excluded_lines": 0, "percent_statements_covered": 100.0, "percent_statements_covered_display": "100"}, "missing_lines": [], "excluded_lines": [], "start_line": 114}, "UpdateMenuItemAvailabilityRequest": {"executed_lines": [], "summary": {"covered_lines": 0, "num_statements": 0, "percent_covered": 100.0, "percent_covered_display": "100", "missing_lines": 0, "excluded_lines": 0, "percent_statements_covered": 100.0, "percent_statements_covered_display": "100"}, "missing_lines": [], "excluded_lines": [], "start_line": 120}, "UpdateMenuItemsAvailabilityRequest": {"executed_lines": [], "summary": {"covered_lines": 0, "num_statements": 0, "percent_covered": 100.0, "percent_covered_display": "100", "missing_lines": 0, "excluded_lines": 0, "percent_statements_covered": 100.0, "percent_statements_covered_display": "100"}, "missing_lines": [], "excluded_lines": [], "start_line": 127}, "UpdateRestaurantStatusResponse": {"executed_lines": [], "summary": {"covered_lines": 0, "num_statements": 0, "percent_covered": 100.0, "percent_covered_display": "100", "missing_lines": 0, "excluded_lines": 0, "percent_statements_covered": 100.0, "percent_statements_covered_display": "100"}, "missing_lines": [], "excluded_lines": [], "start_line": 132}, "UpdateMenuItemAvailabilityResponse": {"executed_lines": [], "summary": {"covered_lines": 0, "num_statements": 0, "percent_covered": 100.0, "percent_covered_display": "100", "missing_lines": 0, "excluded_lines": 0, "percent_statements_covered": 100.0, "percent_statements_covered_display": "100"}, "missing_lines": [], "excluded_lines": [], "start_line": 140}, "": {"executed_lines": [2, 3, 4, 5, 9, 11, 12, 13, 14, 15, 16, 17, 18, 19, 20, 21, 24, 26, 27, 28, 29, 30, 31, 32, 33, 34, 35, 36, 37, 38, 39, 40, 41, 42, 43, 44, 46, 47, 50, 52, 53, 54, 55, 58, 60, 61, 62, 63, 64, 68, 70, 71, 72, 73, 74, 75, 76, 77, 78, 80, 81, 84, 86, 87, 88, 89, 90, 92, 93, 96, 98, 99, 100, 102, 103, 106, 108, 109, 110, 114, 116, 117, 120, 122, 123, 124, 127, 129, 132, 134, 135, 136, 137, 140, 142, 143, 144, 145, 146, 147], "summary": {"covered_lines": 100, "num_statements": 100, "percent_covered": 100.0, "percent_covered_display": "100", "missing_lines": 0, "excluded_lines": 0, "percent_statements_covered": 100.0, "percent_statements_covered_display": "100"}, "missing_lines": [], "excluded_lines": [], "start_line": 1}}}, "app/services/__init__.py": {"executed_lines": [], "summary": {"covered_lines": 0, "num_statements": 0, "percent_covered": 100.0, "percent_covered_display": "100", "missing_lines": 0, "excluded_lines": 0, "percent_statements_covered": 100.0, "percent_statements_covered_display": "100"}, "missing_lines": [], "excluded_lines": [], "functions": {"": {"executed_lines": [], "summary": {"covered_lines": 0, "num_statements": 0, "percent_covered": 100.0, "percent_covered_display": "100", "missing_lines": 0, "excluded_lines": 0, "percent_statements_covered": 100.0, "percent_statements_covered_display": "100"}, "missing_lines": [], "excluded_lines": [], "start_line": 1}}, "classes": {"": {"executed_lines": [], "summary": {"covered_lines": 0, "num_statements": 0, "percent_covered": 100.0, "percent_covered_display": "100", "missing_lines": 0, "excluded_lines": 0, "percent_statements_covered": 100.0, "percent_statements_covered_display": "100"}, "missing_lines": [], "excluded_lines": [], "start_line": 1}}}, "app/services/restaurant_service.py": {"executed_lines": [2, 3, 4, 5, 6, 10, 11, 13, 16, 19, 20, 37, 38, 39, 44, 47, 50, 51, 53, 55, 56, 58, 77, 79, 80, 105, 106, 108, 109, 111, 112, 113, 115, 116, 118, 119, 120, 123, 124, 127, 128, 130, 131, 133, 135, 136, 153, 154, 155, 160, 178, 179, 215, 218, 219, 236, 237, 238, 244, 259, 260, 262, 263, 264, 265, 266, 277, 285, 290, 292, 293, 348, 349, 366, 367, 370, 373, 384, 387, 390, 391, 392, 393, 394, 395, 396, 398, 401, 402, 405, 407, 408], "summary": {"covered_lines": 92, "num_statements": 136, "percent_covered": 67.6470588235294, "percent_covered_display": "68", "missing_lines": 44, "excluded_lines": 0, "percent_statements_covered": 67.6470588235294, "percent_statements_covered_display": "68"}, "missing_lines": [40, 41, 110, 114, 156, 157, 161, 162, 164, 173, 174, 176, 197, 198, 199, 201, 202, 203, 205, 206, 209, 211, 212, 239, 241, 251, 254, 255, 257, 314, 315, 316, 319, 330, 332, 333, 336, 337, 339, 340, 343, 345, 346, 368], "excluded_lines": [], "functions": {"RestaurantService.get_restaurant": {"executed_lines": [37, 38, 39, 44, 47, 50, 51, 53], "summary": {"covered_lines": 8, "num_statements": 10, "percent_covered": 80.0, "percent_covered_display": "80", "missing_lines": 2, "excluded_lines": 0, "percent_statements_covered": 80.0, "percent_statements_covered_display": "80"}, "missing_lines": [40, 41], "excluded_lines": [], "start_line": 20}, "RestaurantService._cache_restaurant": {"executed_lines": [58, 77], "summary": {"covered_lines": 2, "num_statements": 2, "percent_covered": 100.0, "percent_covered_display": "100", "missing_lines": 0, "excluded_lines": 0, "percent_statements_covered": 100.0, "percent_statements_covered_display": "100"}, "missing_lines": [], "excluded_lines": [], "start_line": 56}, "RestaurantService.list_restaurants": {"executed_lines": [105, 106, 108, 109, 111, 112, 113, 115, 116, 118, 119, 120, 123, 124, 127, 128, 130, 131, 133], "summary": {"covered_lines": 19, "num_statements": 21, "percent_covered": 90.47619047619048, "percent_covered_display": "90", "missing_lines": 2, "excluded_lines": 0, "percent_statements_covered": 90.47619047619048, "percent_statements_covered_display": "90"}, "missing_lines": [110, 114], "excluded_lines": [], "start_line": 80}, "RestaurantService.get_restaurant_status": {"executed_lines": [153, 154, 155, 160], "summary": {"covered_lines": 4, "num_statements": 12, "percent_covered": 33.333333333333336, "percent_covered_display": "33", "missing_lines": 8, "excluded_lines": 0, "percent_statements_covered": 33.333333333333336, "percent_statements_covered_display": "33"}, "missing_lines": [156, 157, 161, 162, 164, 173, 174, 176], "excluded_lines": [], "start_line": 136}, "RestaurantService.update_restaurant_status": {"executed_lines": [], "summary": {"covered_lines": 0, "num_statements": 11, "percent_covered": 0.0, "percent_covered_display": "0", "missing_lines": 11, "excluded_lines": 0, "percent_statements_covered": 0.0, "percent_statements_covered_display": "0"}, "missing_lines": [197, 198, 199, 201, 202, 203, 205, 206, 209, 211, 212], "excluded_lines": [], "start_line": 179}, "MenuService.get_menu": {"executed_lines": [236, 237, 238, 244], "summary": {"covered_lines": 4, "num_statements": 10, "percent_covered": 40.0, "percent_covered_display": "40", "missing_lines": 6, "excluded_lines": 0, "percent_statements_covered": 40.0, "percent_statements_covered_display": "40"}, "missing_lines": [239, 241, 251, 254, 255, 257], "excluded_lines": [], "start_line": 219}, "MenuService._cache_menu": {"executed_lines": [262, 263, 264, 265, 266, 277, 285, 290], "summary": {"covered_lines": 8, "num_statements": 8, "percent_covered": 100.0, "percent_covered_display": "100", "missing_lines": 0, "excluded_lines": 0, "percent_statements_covered": 100.0, "percent_statements_covered_display": "100"}, "missing_lines": [], "excluded_lines": [], "start_line": 260}, "MenuService.update_item_availability": {"executed_lines": [], "summary": {"covered_lines": 0, "num_statements": 14, "percent_covered": 0.0, "percent_covered_display": "0", "missing_lines": 14, "excluded_lines": 0, "percent_statements_covered": 0.0, "percent_statements_covered_display": "0"}, "missing_lines": [314, 315, 316, 319, 330, 332, 333, 336, 337, 339, 340, 343, 345, 346], "excluded_lines": [], "start_line": 293}, "MenuService.update_items_availability": {"executed_lines": [366, 367, 370, 373, 384, 387, 390, 391, 392, 393, 394, 395, 396, 398, 401, 402, 405, 407, 408], "summary": {"covered_lines": 19, "num_statements": 20, "percent_covered": 95.0, "percent_covered_display": "95", "missing_lines": 1, "excluded_lines": 0, "percent_statements_covered": 95.0, "percent_statements_covered_display": "95"}, "missing_lines": [368], "excluded_lines": [], "start_line": 349}, "": {"executed_lines": [2, 3, 4, 5, 6, 10, 11, 13, 16, 19, 20, 55, 56, 79, 80, 135, 136, 178, 179, 215, 218, 219, 259, 260, 292, 293, 348, 349], "summary": {"covered_lines": 28, "num_statements": 28, "percent_covered": 100.0, "percent_covered_display": "100", "missing_lines": 0, "excluded_lines": 0, "percent_statements_covered": 100.0, "percent_statements_covered_display": "100"}, "missing_lines": [], "excluded_lines": [], "start_line": 1}}, "classes": {"RestaurantService": {"executed_lines": [37, 38, 39, 44, 47, 50, 51, 53, 58, 77, 105, 106, 108, 109, 111, 112, 113, 115, 116, 118, 119, 120, 123, 124, 127, 128, 130, 131, 133, 153, 154, 155, 160], "summary": {"covered_lines": 33, "num_statements": 56, "percent_covered": 58.92857142857143, "percent_covered_display": "59", "missing_lines": 23, "excluded_lines": 0, "percent_statements_covered": 58.92857142857143, "percent_statements_covered_display": "59"}, "missing_lines": [40, 41, 110, 114, 156, 157, 161, 162, 164, 173, 174, 176, 197, 198, 199, 201, 202, 203, 205, 206, 209, 211, 212], "excluded_lines": [], "start_line": 16}, "MenuService": {"executed_lines": [236, 237, 238, 244, 262, 263, 264, 265, 266, 277, 285, 290, 366, 367, 370, 373, 384, 387, 390, 391, 392, 393, 394, 395, 396, 398, 401, 402, 405, 407, 408], "summary": {"covered_lines": 31, "num_statements": 52, "percent_covered": 59.61538461538461, "percent_covered_display": "60", "missing_lines": 21, "excluded_lines": 0, "percent_statements_covered": 59.61538461538461, "percent_statements_covered_display": "60"}, "missing_lines": [239, 241, 251, 254, 255, 257, 314, 315, 316, 319, 330, 332, 333, 336, 337, 339, 340, 343, 345, 346, 368], "excluded_lines": [], "start_line": 215}, "": {"executed_lines": [2, 3, 4, 5, 6, 10, 11, 13, 16, 19, 20, 55, 56, 79, 80, 135, 136, 178, 179, 215, 218, 219, 259, 260, 292, 293, 348, 349], "summary": {"covered_lines": 28, "num_statements": 28, "percent_covered": 100.0, "percent_covered_display": "100", "missing_lines": 0, "excluded_lines": 0, "percent_statements_covered": 100.0, "percent_statements_covered_display": "100"}, "missing_lines": [], "excluded_lines": [], "start_line": 1}}}}, "totals": {"covered_lines": 392, "num_statements": 554, "percent_covered": 70.7581227436823, "percent_covered_display": "71", "missing_lines": 162, "excluded_lines": 0, "percent_statements_covered": 70.7581227436823, "percent_statements_covered_display": "71"}}